Virtual User Script started at: 29.10.2023 16:48:06	[MsgId: MMSG-15967]
Starting action vuser_init.	[MsgId: MMSG-15919]
Web Turbo Replay of LoadRunner 2021.0.0 for Windows 10; build 430 (џэт 05 2021 19:27:22)  	[MsgId: MMSG-26983]
Run mode: HTML  	[MsgId: MMSG-26993]
Replay user agent: Mozilla/5.0 (Windows NT 10.0; Win64; x64; rv:109.0) Gecko/20100101 Firefox/118.0  	[MsgId: MMSG-26988]
Runtime Settings file: "C:\Users\drozd\AppData\Local\Temp\lr5tmpdirfrZ.470\lrcfghvp.471\cfgUyi.482"  	[MsgId: MMSG-27141]
Ending action vuser_init.	[MsgId: MMSG-15918]
Running Vuser...	[MsgId: MMSG-15964]
Starting iteration 1.	[MsgId: MMSG-15968]
Maximum number of concurrent connections per server: 6  	[MsgId: MMSG-26989]
Starting action Action.	[MsgId: MMSG-15919]
Action.c(5): Notify: Transaction "UC05_Cancel_Booking" started.	[MsgId: MMSG-16999]
Action.c(6): Notify: Transaction "welcome" started.	[MsgId: MMSG-16999]
Action.c(8): web_custom_request("webtours") started  	[MsgId: MMSG-26355]
Action.c(8): Notify: Parameter Substitution: parameter "HOST_PORT" =  "localhost:1080"	[MsgId: MMSG-13992]
Action.c(8): web_custom_request("webtours") was successful, 366 body bytes, 298 header bytes  	[MsgId: MMSG-26386]
Action.c(18): web_custom_request("header.html") started  	[MsgId: MMSG-26355]
Action.c(18): Notify: Parameter Substitution: parameter "HOST_PORT" =  "localhost:1080"	[MsgId: MMSG-13992]
Action.c(18): Notify: Parameter Substitution: parameter "HOST_PORT" =  "localhost:1080"	[MsgId: MMSG-13992]
Action.c(18): web_custom_request("header.html") was successful, 710 body bytes, 297 header bytes  	[MsgId: MMSG-26386]
Action.c(29): web_custom_request("welcome.pl") started  	[MsgId: MMSG-26355]
Action.c(29): Notify: Parameter Substitution: parameter "HOST_PORT" =  "localhost:1080"	[MsgId: MMSG-13992]
Action.c(29): Notify: Parameter Substitution: parameter "HOST_PORT" =  "localhost:1080"	[MsgId: MMSG-13992]
Action.c(29): web_custom_request("welcome.pl") was successful, 686 body bytes, 327 header bytes, 12 chunking overhead bytes  	[MsgId: MMSG-26385]
Action.c(40): web_custom_request("home.html") started  	[MsgId: MMSG-26355]
Action.c(40): Notify: Parameter Substitution: parameter "HOST_PORT" =  "localhost:1080"	[MsgId: MMSG-13992]
Action.c(40): Notify: Parameter Substitution: parameter "HOST_PORT" =  "localhost:1080"	[MsgId: MMSG-13992]
Action.c(40): web_custom_request("home.html") was successful, 1361 body bytes, 298 header bytes  	[MsgId: MMSG-26386]
Action.c(51): web_reg_save_param_attrib started  	[MsgId: MMSG-26355]
Action.c(51): Registering web_reg_save_param_attrib was successful  	[MsgId: MMSG-26390]
Action.c(62): web_custom_request("nav.pl") started  	[MsgId: MMSG-26355]
Action.c(62): Notify: Parameter Substitution: parameter "HOST_PORT" =  "localhost:1080"	[MsgId: MMSG-13992]
Action.c(62): Notify: Parameter Substitution: parameter "HOST_PORT" =  "localhost:1080"	[MsgId: MMSG-13992]
Action.c(62): Notify: Saving Parameter "userSession = 137593.137788578HAHHttHpAcftctztpzicVf".	[MsgId: MMSG-13798]
Action.c(62): web_custom_request("nav.pl") was successful, 1484 body bytes, 255 header bytes, 12 chunking overhead bytes  	[MsgId: MMSG-26385]
Action.c(73): Notify: Transaction "welcome" ended with a "Pass" status (Duration: 0,2392 Wasted Time: 0,0267).	[MsgId: MMSG-16871]
Action.c(75): lr_think_time: 5,00 seconds.	[MsgId: MMSG-15948]
Action.c(77): Notify: Transaction "login" started.	[MsgId: MMSG-16999]
Action.c(79): web_add_header("Origin") started  	[MsgId: MMSG-26355]
Action.c(79): Notify: Parameter Substitution: parameter "HOST_PORT" =  "localhost:1080"	[MsgId: MMSG-13992]
Action.c(79): web_add_header("Origin") was successful  	[MsgId: MMSG-26392]
Action.c(83): web_custom_request("login.pl") started  	[MsgId: MMSG-26355]
Action.c(83): Notify: Parameter Substitution: parameter "HOST_PORT" =  "localhost:1080"	[MsgId: MMSG-13992]
Action.c(83): Notify: Parameter Substitution: parameter "HOST_PORT" =  "localhost:1080"	[MsgId: MMSG-13992]
Action.c(83): Notify: Parameter Substitution: parameter "userSession" =  "137593.137788578HAHHttHpAcftctztpzicVf"	[MsgId: MMSG-13992]
Action.c(83): Notify: Parameter Substitution: parameter "usernamelogin" =  "user8"	[MsgId: MMSG-13992]
Action.c(83): Notify: Next row for parameter userpassword = 8 [table  = userpassword].	[MsgId: MMSG-13876]
Action.c(83): Notify: Parameter Substitution: parameter "userpassword" =  "q8"	[MsgId: MMSG-13992]
Action.c(83): web_custom_request("login.pl") was successful, 481 body bytes, 379 header bytes, 12 chunking overhead bytes  	[MsgId: MMSG-26385]
Action.c(94): web_custom_request("login.pl_2") started  	[MsgId: MMSG-26355]
Action.c(94): Notify: Parameter Substitution: parameter "HOST_PORT" =  "localhost:1080"	[MsgId: MMSG-13992]
Action.c(94): Notify: Parameter Substitution: parameter "HOST_PORT" =  "localhost:1080"	[MsgId: MMSG-13992]
Action.c(94): web_custom_request("login.pl_2") was successful, 919 body bytes, 228 header bytes, 12 chunking overhead bytes  	[MsgId: MMSG-26385]
Action.c(105): web_custom_request("nav.pl_2") started  	[MsgId: MMSG-26355]
Action.c(105): Notify: Parameter Substitution: parameter "HOST_PORT" =  "localhost:1080"	[MsgId: MMSG-13992]
Action.c(105): Notify: Parameter Substitution: parameter "HOST_PORT" =  "localhost:1080"	[MsgId: MMSG-13992]
Action.c(105): web_custom_request("nav.pl_2") was successful, 1482 body bytes, 255 header bytes, 12 chunking overhead bytes  	[MsgId: MMSG-26385]
Action.c(115): Notify: Transaction "login" ended with a "Pass" status (Duration: 0,2268).	[MsgId: MMSG-16873]
Action.c(117): Notify: Transaction "itinerary" started.	[MsgId: MMSG-16999]
Action.c(118): web_custom_request("welcome.pl_2") started  	[MsgId: MMSG-26355]
Action.c(118): Notify: Parameter Substitution: parameter "HOST_PORT" =  "localhost:1080"	[MsgId: MMSG-13992]
Action.c(118): Notify: Parameter Substitution: parameter "HOST_PORT" =  "localhost:1080"	[MsgId: MMSG-13992]
Action.c(118): web_custom_request("welcome.pl_2") was successful, 591 body bytes, 215 header bytes, 12 chunking overhead bytes  	[MsgId: MMSG-26385]
Action.c(128): web_reg_save_param_ex started  	[MsgId: MMSG-26355]
Action.c(128): Registering web_reg_save_param_ex was successful  	[MsgId: MMSG-26390]
Action.c(138): web_custom_request("itinerary.pl") started  	[MsgId: MMSG-26355]
Action.c(138): Notify: Parameter Substitution: parameter "HOST_PORT" =  "localhost:1080"	[MsgId: MMSG-13992]
Action.c(138): Notify: Parameter Substitution: parameter "HOST_PORT" =  "localhost:1080"	[MsgId: MMSG-13992]
Action.c(138): Notify: Saving Parameter "flightID_1 = 366619323-825-uq".	[MsgId: MMSG-13798]
Action.c(138): Notify: Saving Parameter "flightID_2 = 366619323-1594-uq".	[MsgId: MMSG-13798]
Action.c(138): Notify: Saving Parameter "flightID_3 = 366619323-2363-uq".	[MsgId: MMSG-13798]
Action.c(138): Notify: Saving Parameter "flightID_4 = 366619395-3128-uq".	[MsgId: MMSG-13798]
Action.c(138): Notify: Saving Parameter "flightID_5 = 366619289-3909-uq".	[MsgId: MMSG-13798]
Action.c(138): Notify: Saving Parameter "flightID_6 = 366619362-4675-uq".	[MsgId: MMSG-13798]
Action.c(138): Notify: Saving Parameter "flightID_7 = 366619362-5444-uq".	[MsgId: MMSG-13798]
Action.c(138): Notify: Saving Parameter "flightID_8 = 366619362-6213-uq".	[MsgId: MMSG-13798]
Action.c(138): Notify: Saving Parameter "flightID_9 = 366619323-6979-uq".	[MsgId: MMSG-13798]
Action.c(138): Notify: Saving Parameter "flightID_10 = 366619323-7748-uq".	[MsgId: MMSG-13798]
Action.c(138): Notify: Saving Parameter "flightID_11 = 366619323-8517-uq".	[MsgId: MMSG-13798]
Action.c(138): Notify: Saving Parameter "flightID_12 = 366619362-9290-uq".	[MsgId: MMSG-13798]
Action.c(138): Notify: Saving Parameter "flightID_13 = 366619289-10063-uq".	[MsgId: MMSG-13798]
Action.c(138): Notify: Saving Parameter "flightID_14 = 366619289-10832-uq".	[MsgId: MMSG-13798]
Action.c(138): Notify: Saving Parameter "flightID_15 = 366619323-11594-uq".	[MsgId: MMSG-13798]
Action.c(138): Notify: Saving Parameter "flightID_16 = 366619323-12363-uq".	[MsgId: MMSG-13798]
Action.c(138): Notify: Saving Parameter "flightID_17 = 366619395-13128-uq".	[MsgId: MMSG-13798]
Action.c(138): Notify: Saving Parameter "flightID_18 = 366619395-13897-uq".	[MsgId: MMSG-13798]
Action.c(138): Notify: Saving Parameter "flightID_19 = 366619395-14666-uq".	[MsgId: MMSG-13798]
Action.c(138): Notify: Saving Parameter "flightID_20 = 366619395-15436-uq".	[MsgId: MMSG-13798]
Action.c(138): Notify: Saving Parameter "flightID_21 = 366619289-16216-uq".	[MsgId: MMSG-13798]
Action.c(138): Notify: Saving Parameter "flightID_count = 21".	[MsgId: MMSG-13798]
Action.c(138): web_custom_request("itinerary.pl") was successful, 25262 body bytes, 255 header bytes, 52 chunking overhead bytes  	[MsgId: MMSG-26385]
Action.c(150): web_custom_request("nav.pl_3") started  	[MsgId: MMSG-26355]
Action.c(150): Notify: Parameter Substitution: parameter "HOST_PORT" =  "localhost:1080"	[MsgId: MMSG-13992]
Action.c(150): Notify: Parameter Substitution: parameter "HOST_PORT" =  "localhost:1080"	[MsgId: MMSG-13992]
Action.c(150): web_custom_request("nav.pl_3") was successful, 1482 body bytes, 255 header bytes, 12 chunking overhead bytes  	[MsgId: MMSG-26385]
Action.c(160): Notify: Transaction "itinerary" ended with a "Pass" status (Duration: 0,2706 Wasted Time: 0,0007).	[MsgId: MMSG-16871]
Action.c(163): Notify: Parameter Substitution: parameter "flightID_count" =  "21"	[MsgId: MMSG-13992]
Action.c(164): Notify: Saving Parameter "request = ".	[MsgId: MMSG-13798]
Action.c(165): Notify: Saving Parameter "cgifieds_concat = ".	[MsgId: MMSG-13798]
Action.c(168): Notify: Parameter Substitution: parameter "flightID_1" =  "366619323-825-uq"	[MsgId: MMSG-13992]
Action.c(168): Notify: Saving Parameter "temp_Body = 366619323-825-uq".	[MsgId: MMSG-13798]
Action.c(169): Notify: Saving Parameter "temp_i = 1".	[MsgId: MMSG-13798]
Action.c(170): Notify: Parameter Substitution: parameter "temp_i" =  "1"	[MsgId: MMSG-13992]
Action.c(170): Notify: Saving Parameter "temp_cgifields = &.cgifields=1".	[MsgId: MMSG-13798]
Action.c(171): Warning: The string 'cgifields_concat' with parameter delimiters is not a parameter.	[MsgId: MWAR-13987]
Action.c(171): Notify: Parameter Substitution: parameter "temp_cgifields" =  "&.cgifields=1"	[MsgId: MMSG-13992]
Action.c(171): Notify: Saving Parameter "cgifields_concat = {cgifields_concat}&.cgifields=1".	[MsgId: MMSG-13798]
Action.c(172): Notify: Parameter Substitution: parameter "request" =  ""	[MsgId: MMSG-13992]
Action.c(172): Notify: Parameter Substitution: parameter "temp_Body" =  "366619323-825-uq"	[MsgId: MMSG-13992]
Action.c(172): Notify: Saving Parameter "temp_request = &flightID=366619323-825-uq".	[MsgId: MMSG-13798]
Action.c(173): Notify: Parameter Substitution: parameter "temp_request" =  "&flightID=366619323-825-uq"	[MsgId: MMSG-13992]
Action.c(173): Notify: Saving Parameter "request = &flightID=366619323-825-uq".	[MsgId: MMSG-13798]
Action.c(168): Notify: Parameter Substitution: parameter "flightID_2" =  "366619323-1594-uq"	[MsgId: MMSG-13992]
Action.c(168): Notify: Saving Parameter "temp_Body = 366619323-1594-uq".	[MsgId: MMSG-13798]
Action.c(169): Notify: Saving Parameter "temp_i = 2".	[MsgId: MMSG-13798]
Action.c(170): Notify: Parameter Substitution: parameter "temp_i" =  "2"	[MsgId: MMSG-13992]
Action.c(170): Notify: Saving Parameter "temp_cgifields = &.cgifields=2".	[MsgId: MMSG-13798]
Action.c(171): Notify: Parameter Substitution: parameter "cgifields_concat" =  "{cgifields_concat}&.cgifields=1"	[MsgId: MMSG-13992]
Action.c(171): Notify: Parameter Substitution: parameter "temp_cgifields" =  "&.cgifields=2"	[MsgId: MMSG-13992]
Action.c(171): Notify: Saving Parameter "cgifields_concat = {cgifields_concat}&.cgifields=1&.cgifields=2".	[MsgId: MMSG-13798]
Action.c(172): Notify: Parameter Substitution: parameter "request" =  "&flightID=366619323-825-uq"	[MsgId: MMSG-13992]
Action.c(172): Notify: Parameter Substitution: parameter "temp_Body" =  "366619323-1594-uq"	[MsgId: MMSG-13992]
Action.c(172): Notify: Saving Parameter "temp_request = &flightID=366619323-825-uq&flightID=366619323-1594-uq".	[MsgId: MMSG-13798]
Action.c(173): Notify: Parameter Substitution: parameter "temp_request" =  "&flightID=366619323-825-uq&flightID=366619323-1594-uq"	[MsgId: MMSG-13992]
Action.c(173): Notify: Saving Parameter "request = &flightID=366619323-825-uq&flightID=366619323-1594-uq".	[MsgId: MMSG-13798]
Action.c(168): Notify: Parameter Substitution: parameter "flightID_3" =  "366619323-2363-uq"	[MsgId: MMSG-13992]
Action.c(168): Notify: Saving Parameter "temp_Body = 366619323-2363-uq".	[MsgId: MMSG-13798]
Action.c(169): Notify: Saving Parameter "temp_i = 3".	[MsgId: MMSG-13798]
Action.c(170): Notify: Parameter Substitution: parameter "temp_i" =  "3"	[MsgId: MMSG-13992]
Action.c(170): Notify: Saving Parameter "temp_cgifields = &.cgifields=3".	[MsgId: MMSG-13798]
Action.c(171): Notify: Parameter Substitution: parameter "cgifields_concat" =  "{cgifields_concat}&.cgifields=1&.cgifields=2"	[MsgId: MMSG-13992]
Action.c(171): Notify: Parameter Substitution: parameter "temp_cgifields" =  "&.cgifields=3"	[MsgId: MMSG-13992]
Action.c(171): Notify: Saving Parameter "cgifields_concat = {cgifields_concat}&.cgifields=1&.cgifields=2&.cgifields=3".	[MsgId: MMSG-13798]
Action.c(172): Notify: Parameter Substitution: parameter "request" =  "&flightID=366619323-825-uq&flightID=366619323-1594-uq"	[MsgId: MMSG-13992]
Action.c(172): Notify: Parameter Substitution: parameter "temp_Body" =  "366619323-2363-uq"	[MsgId: MMSG-13992]
Action.c(172): Notify: Saving Parameter "temp_request = &flightID=366619323-825-uq&flightID=366619323-1594-uq&flightID=366619323-2363-uq".	[MsgId: MMSG-13798]
Action.c(173): Notify: Parameter Substitution: parameter "temp_request" =  "&flightID=366619323-825-uq&flightID=366619323-1594-uq&flightID=366619323-2363-uq"	[MsgId: MMSG-13992]
Action.c(173): Notify: Saving Parameter "request = &flightID=366619323-825-uq&flightID=366619323-1594-uq&flightID=366619323-2363-uq".	[MsgId: MMSG-13798]
Action.c(168): Notify: Parameter Substitution: parameter "flightID_4" =  "366619395-3128-uq"	[MsgId: MMSG-13992]
Action.c(168): Notify: Saving Parameter "temp_Body = 366619395-3128-uq".	[MsgId: MMSG-13798]
Action.c(169): Notify: Saving Parameter "temp_i = 4".	[MsgId: MMSG-13798]
Action.c(170): Notify: Parameter Substitution: parameter "temp_i" =  "4"	[MsgId: MMSG-13992]
Action.c(170): Notify: Saving Parameter "temp_cgifields = &.cgifields=4".	[MsgId: MMSG-13798]
Action.c(171): Notify: Parameter Substitution: parameter "cgifields_concat" =  "{cgifields_concat}&.cgifields=1&.cgifields=2&.cgifields=3"	[MsgId: MMSG-13992]
Action.c(171): Notify: Parameter Substitution: parameter "temp_cgifields" =  "&.cgifields=4"	[MsgId: MMSG-13992]
Action.c(171): Notify: Saving Parameter "cgifields_concat = {cgifields_concat}&.cgifields=1&.cgifields=2&.cgifields=3&.cgifields=4".	[MsgId: MMSG-13798]
Action.c(172): Notify: Parameter Substitution: parameter "request" =  "&flightID=366619323-825-uq&flightID=366619323-1594-uq&flightID=366619323-2363-uq"	[MsgId: MMSG-13992]
Action.c(172): Notify: Parameter Substitution: parameter "temp_Body" =  "366619395-3128-uq"	[MsgId: MMSG-13992]
Action.c(172): Notify: Saving Parameter "temp_request = &flightID=366619323-825-uq&flightID=366619323-1594-uq&flightID=366619323-2363-uq&flightID=366619395-3128-uq".	[MsgId: MMSG-13798]
Action.c(173): Notify: Parameter Substitution: parameter "temp_request" =  "&flightID=366619323-825-uq&flightID=366619323-1594-uq&flightID=366619323-2363-uq&flightID=366619395-3128-uq"	[MsgId: MMSG-13992]
Action.c(173): Notify: Saving Parameter "request = &flightID=366619323-825-uq&flightID=366619323-1594-uq&flightID=366619323-2363-uq&flightID=366619395-3128-uq".	[MsgId: MMSG-13798]
Action.c(168): Notify: Parameter Substitution: parameter "flightID_5" =  "366619289-3909-uq"	[MsgId: MMSG-13992]
Action.c(168): Notify: Saving Parameter "temp_Body = 366619289-3909-uq".	[MsgId: MMSG-13798]
Action.c(169): Notify: Saving Parameter "temp_i = 5".	[MsgId: MMSG-13798]
Action.c(170): Notify: Parameter Substitution: parameter "temp_i" =  "5"	[MsgId: MMSG-13992]
Action.c(170): Notify: Saving Parameter "temp_cgifields = &.cgifields=5".	[MsgId: MMSG-13798]
Action.c(171): Notify: Parameter Substitution: parameter "cgifields_concat" =  "{cgifields_concat}&.cgifields=1&.cgifields=2&.cgifields=3&.cgifields=4"	[MsgId: MMSG-13992]
Action.c(171): Notify: Parameter Substitution: parameter "temp_cgifields" =  "&.cgifields=5"	[MsgId: MMSG-13992]
Action.c(171): Notify: Saving Parameter "cgifields_concat = {cgifields_concat}&.cgifields=1&.cgifields=2&.cgifields=3&.cgifields=4&.cgifields=5".	[MsgId: MMSG-13798]
Action.c(172): Notify: Parameter Substitution: parameter "request" =  "&flightID=366619323-825-uq&flightID=366619323-1594-uq&flightID=366619323-2363-uq&flightID=366619395-3128-uq"	[MsgId: MMSG-13992]
Action.c(172): Notify: Parameter Substitution: parameter "temp_Body" =  "366619289-3909-uq"	[MsgId: MMSG-13992]
Action.c(172): Notify: Saving Parameter "temp_request = &flightID=366619323-825-uq&flightID=366619323-1594-uq&flightID=366619323-2363-uq&flightID=366619395-3128-uq&flightID=366619289-3909-uq".	[MsgId: MMSG-13798]
Action.c(173): Notify: Parameter Substitution: parameter "temp_request" =  "&flightID=366619323-825-uq&flightID=366619323-1594-uq&flightID=366619323-2363-uq&flightID=366619395-3128-uq&flightID=366619289-3909-uq"	[MsgId: MMSG-13992]
Action.c(173): Notify: Saving Parameter "request = &flightID=366619323-825-uq&flightID=366619323-1594-uq&flightID=366619323-2363-uq&flightID=366619395-3128-uq&flightID=366619289-3909-uq".	[MsgId: MMSG-13798]
Action.c(168): Notify: Parameter Substitution: parameter "flightID_6" =  "366619362-4675-uq"	[MsgId: MMSG-13992]
Action.c(168): Notify: Saving Parameter "temp_Body = 366619362-4675-uq".	[MsgId: MMSG-13798]
Action.c(169): Notify: Saving Parameter "temp_i = 6".	[MsgId: MMSG-13798]
Action.c(170): Notify: Parameter Substitution: parameter "temp_i" =  "6"	[MsgId: MMSG-13992]
Action.c(170): Notify: Saving Parameter "temp_cgifields = &.cgifields=6".	[MsgId: MMSG-13798]
Action.c(171): Notify: Parameter Substitution: parameter "cgifields_concat" =  "{cgifields_concat}&.cgifields=1&.cgifields=2&.cgifields=3&.cgifields=4&.cgifields=5"	[MsgId: MMSG-13992]
Action.c(171): Notify: Parameter Substitution: parameter "temp_cgifields" =  "&.cgifields=6"	[MsgId: MMSG-13992]
Action.c(171): Notify: Saving Parameter "cgifields_concat = {cgifields_concat}&.cgifields=1&.cgifields=2&.cgifields=3&.cgifields=4&.cgifields=5&.cgifields=6".	[MsgId: MMSG-13798]
Action.c(172): Notify: Parameter Substitution: parameter "request" =  "&flightID=366619323-825-uq&flightID=366619323-1594-uq&flightID=366619323-2363-uq&flightID=366619395-3128-uq&flightID=366619289-3909-uq"	[MsgId: MMSG-13992]
Action.c(172): Notify: Parameter Substitution: parameter "temp_Body" =  "366619362-4675-uq"	[MsgId: MMSG-13992]
Action.c(172): Notify: Saving Parameter "temp_request = &flightID=366619323-825-uq&flightID=366619323-1594-uq&flightID=366619323-2363-uq&flightID=366619395-3128-uq&flightID=366619289-3909-uq&flightID=366619362-4675-uq".	[MsgId: MMSG-13798]
Action.c(173): Notify: Parameter Substitution: parameter "temp_request" =  "&flightID=366619323-825-uq&flightID=366619323-1594-uq&flightID=366619323-2363-uq&flightID=366619395-3128-uq&flightID=366619289-3909-uq&flightID=366619362-4675-uq"	[MsgId: MMSG-13992]
Action.c(173): Notify: Saving Parameter "request = &flightID=366619323-825-uq&flightID=366619323-1594-uq&flightID=366619323-2363-uq&flightID=366619395-3128-uq&flightID=366619289-3909-uq&flightID=366619362-4675-uq".	[MsgId: MMSG-13798]
Action.c(168): Notify: Parameter Substitution: parameter "flightID_7" =  "366619362-5444-uq"	[MsgId: MMSG-13992]
Action.c(168): Notify: Saving Parameter "temp_Body = 366619362-5444-uq".	[MsgId: MMSG-13798]
Action.c(169): Notify: Saving Parameter "temp_i = 7".	[MsgId: MMSG-13798]
Action.c(170): Notify: Parameter Substitution: parameter "temp_i" =  "7"	[MsgId: MMSG-13992]
Action.c(170): Notify: Saving Parameter "temp_cgifields = &.cgifields=7".	[MsgId: MMSG-13798]
Action.c(171): Notify: Parameter Substitution: parameter "cgifields_concat" =  "{cgifields_concat}&.cgifields=1&.cgifields=2&.cgifields=3&.cgifields=4&.cgifields=5&.cgifields=6"	[MsgId: MMSG-13992]
Action.c(171): Notify: Parameter Substitution: parameter "temp_cgifields" =  "&.cgifields=7"	[MsgId: MMSG-13992]
Action.c(171): Notify: Saving Parameter "cgifields_concat = {cgifields_concat}&.cgifields=1&.cgifields=2&.cgifields=3&.cgifields=4&.cgifields=5&.cgifields=6&.cgifields=7".	[MsgId: MMSG-13798]
Action.c(172): Notify: Parameter Substitution: parameter "request" =  "&flightID=366619323-825-uq&flightID=366619323-1594-uq&flightID=366619323-2363-uq&flightID=366619395-3128-uq&flightID=366619289-3909-uq&flightID=366619362-4675-uq"	[MsgId: MMSG-13992]
Action.c(172): Notify: Parameter Substitution: parameter "temp_Body" =  "366619362-5444-uq"	[MsgId: MMSG-13992]
Action.c(172): Notify: Saving Parameter "temp_request = &flightID=366619323-825-uq&flightID=366619323-1594-uq&flightID=366619323-2363-uq&flightID=366619395-3128-uq&flightID=366619289-3909-uq&flightID=366619362-4675-uq&flightID=366619362-5444-uq".	[MsgId: MMSG-13798]
Action.c(173): Notify: Parameter Substitution: parameter "temp_request" =  "&flightID=366619323-825-uq&flightID=366619323-1594-uq&flightID=366619323-2363-uq&flightID=366619395-3128-uq&flightID=366619289-3909-uq&flightID=366619362-4675-uq&flightID=366619362-5444-uq"	[MsgId: MMSG-13992]
Action.c(173): Notify: Saving Parameter "request = &flightID=366619323-825-uq&flightID=366619323-1594-uq&flightID=366619323-2363-uq&flightID=366619395-3128-uq&flightID=366619289-3909-uq&flightID=366619362-4675-uq&flightID=366619362-5444-uq".	[MsgId: MMSG-13798]
Action.c(168): Notify: Parameter Substitution: parameter "flightID_8" =  "366619362-6213-uq"	[MsgId: MMSG-13992]
Action.c(168): Notify: Saving Parameter "temp_Body = 366619362-6213-uq".	[MsgId: MMSG-13798]
Action.c(169): Notify: Saving Parameter "temp_i = 8".	[MsgId: MMSG-13798]
Action.c(170): Notify: Parameter Substitution: parameter "temp_i" =  "8"	[MsgId: MMSG-13992]
Action.c(170): Notify: Saving Parameter "temp_cgifields = &.cgifields=8".	[MsgId: MMSG-13798]
Action.c(171): Notify: Parameter Substitution: parameter "cgifields_concat" =  "{cgifields_concat}&.cgifields=1&.cgifields=2&.cgifields=3&.cgifields=4&.cgifields=5&.cgifields=6&.cgifields=7"	[MsgId: MMSG-13992]
Action.c(171): Notify: Parameter Substitution: parameter "temp_cgifields" =  "&.cgifields=8"	[MsgId: MMSG-13992]
Action.c(171): Notify: Saving Parameter "cgifields_concat = {cgifields_concat}&.cgifields=1&.cgifields=2&.cgifields=3&.cgifields=4&.cgifields=5&.cgifields=6&.cgifields=7&.cgifields=8".	[MsgId: MMSG-13798]
Action.c(172): Notify: Parameter Substitution: parameter "request" =  "&flightID=366619323-825-uq&flightID=366619323-1594-uq&flightID=366619323-2363-uq&flightID=366619395-3128-uq&flightID=366619289-3909-uq&flightID=366619362-4675-uq&flightID=366619362-5444-uq"	[MsgId: MMSG-13992]
Action.c(172): Notify: Parameter Substitution: parameter "temp_Body" =  "366619362-6213-uq"	[MsgId: MMSG-13992]
Action.c(172): Notify: Saving Parameter "temp_request = &flightID=366619323-825-uq&flightID=366619323-1594-uq&flightID=366619323-2363-uq&flightID=366619395-3128-uq&flightID=366619289-3909-uq&flightID=366619362-4675-uq&flightID=366619362-5444-uq&flightID=366619362-6213-uq".	[MsgId: MMSG-13798]
Action.c(173): Notify: Parameter Substitution: parameter "temp_request" =  "&flightID=366619323-825-uq&flightID=366619323-1594-uq&flightID=366619323-2363-uq&flightID=366619395-3128-uq&flightID=366619289-3909-uq&flightID=366619362-4675-uq&flightID=366619362-5444-uq&flightID=366619362-6213-uq"	[MsgId: MMSG-13992]
Action.c(173): Notify: Saving Parameter "request = &flightID=366619323-825-uq&flightID=366619323-1594-uq&flightID=366619323-2363-uq&flightID=366619395-3128-uq&flightID=366619289-3909-uq&flightID=366619362-4675-uq&flightID=366619362-5444-uq&flightID=366619362-6213-uq".	[MsgId: MMSG-13798]
Action.c(168): Notify: Parameter Substitution: parameter "flightID_9" =  "366619323-6979-uq"	[MsgId: MMSG-13992]
Action.c(168): Notify: Saving Parameter "temp_Body = 366619323-6979-uq".	[MsgId: MMSG-13798]
Action.c(169): Notify: Saving Parameter "temp_i = 9".	[MsgId: MMSG-13798]
Action.c(170): Notify: Parameter Substitution: parameter "temp_i" =  "9"	[MsgId: MMSG-13992]
Action.c(170): Notify: Saving Parameter "temp_cgifields = &.cgifields=9".	[MsgId: MMSG-13798]
Action.c(171): Notify: Parameter Substitution: parameter "cgifields_concat" =  "{cgifields_concat}&.cgifields=1&.cgifields=2&.cgifields=3&.cgifields=4&.cgifields=5&.cgifields=6&.cgifields=7&.cgifields=8"	[MsgId: MMSG-13992]
Action.c(171): Notify: Parameter Substitution: parameter "temp_cgifields" =  "&.cgifields=9"	[MsgId: MMSG-13992]
Action.c(171): Notify: Saving Parameter "cgifields_concat = {cgifields_concat}&.cgifields=1&.cgifields=2&.cgifields=3&.cgifields=4&.cgifields=5&.cgifields=6&.cgifields=7&.cgifields=8&.cgifields=9".	[MsgId: MMSG-13798]
Action.c(172): Notify: Parameter Substitution: parameter "request" =  "&flightID=366619323-825-uq&flightID=366619323-1594-uq&flightID=366619323-2363-uq&flightID=366619395-3128-uq&flightID=366619289-3909-uq&flightID=366619362-4675-uq&flightID=366619362-5444-uq&flightID=366619362-6213-uq"	[MsgId: MMSG-13992]
Action.c(172): Notify: Parameter Substitution: parameter "temp_Body" =  "366619323-6979-uq"	[MsgId: MMSG-13992]
Action.c(172): Notify: Saving Parameter "temp_request = &flightID=366619323-825-uq&flightID=366619323-1594-uq&flightID=366619323-2363-uq&flightID=366619395-3128-uq&flightID=366619289-3909-uq&flightID=366619362-4675-uq&flightID=366619362-5444-uq&flightID=366619362-6213-uq&flightID=366619323-6979-uq".	[MsgId: MMSG-13798]
Action.c(173): Notify: Parameter Substitution: parameter "temp_request" =  "&flightID=366619323-825-uq&flightID=366619323-1594-uq&flightID=366619323-2363-uq&flightID=366619395-3128-uq&flightID=366619289-3909-uq&flightID=366619362-4675-uq&flightID=366619362-5444-uq&flightID=366619362-6213-uq&flightID=366619323-6979-uq"	[MsgId: MMSG-13992]
Action.c(173): Notify: Saving Parameter "request = &flightID=366619323-825-uq&flightID=366619323-1594-uq&flightID=366619323-2363-uq&flightID=366619395-3128-uq&flightID=366619289-3909-uq&flightID=366619362-4675-uq&flightID=366619362-5444-uq&flightID=366619362-6213-uq&flightID=366619323-6979-uq".	[MsgId: MMSG-13798]
Action.c(168): Notify: Parameter Substitution: parameter "flightID_10" =  "366619323-7748-uq"	[MsgId: MMSG-13992]
Action.c(168): Notify: Saving Parameter "temp_Body = 366619323-7748-uq".	[MsgId: MMSG-13798]
Action.c(169): Notify: Saving Parameter "temp_i = 10".	[MsgId: MMSG-13798]
Action.c(170): Notify: Parameter Substitution: parameter "temp_i" =  "10"	[MsgId: MMSG-13992]
Action.c(170): Notify: Saving Parameter "temp_cgifields = &.cgifields=10".	[MsgId: MMSG-13798]
Action.c(171): Notify: Parameter Substitution: parameter "cgifields_concat" =  "{cgifields_concat}&.cgifields=1&.cgifields=2&.cgifields=3&.cgifields=4&.cgifields=5&.cgifields=6&.cgifields=7&.cgifields=8&.cgifields=9"	[MsgId: MMSG-13992]
Action.c(171): Notify: Parameter Substitution: parameter "temp_cgifields" =  "&.cgifields=10"	[MsgId: MMSG-13992]
Action.c(171): Notify: Saving Parameter "cgifields_concat = {cgifields_concat}&.cgifields=1&.cgifields=2&.cgifields=3&.cgifields=4&.cgifields=5&.cgifields=6&.cgifields=7&.cgifields=8&.cgifields=9&.cgifields=10".	[MsgId: MMSG-13798]
Action.c(172): Notify: Parameter Substitution: parameter "request" =  "&flightID=366619323-825-uq&flightID=366619323-1594-uq&flightID=366619323-2363-uq&flightID=366619395-3128-uq&flightID=366619289-3909-uq&flightID=366619362-4675-uq&flightID=366619362-5444-uq&flightID=366619362-6213-uq&flightID=366619323-6979-uq"	[MsgId: MMSG-13992]
Action.c(172): Notify: Parameter Substitution: parameter "temp_Body" =  "366619323-7748-uq"	[MsgId: MMSG-13992]
Action.c(172): Notify: Saving Parameter "temp_request = &flightID=366619323-825-uq&flightID=366619323-1594-uq&flightID=366619323-2363-uq&flightID=366619395-3128-uq&flightID=366619289-3909-uq&flightID=366619362-4675-uq&flightID=366619362-5444-uq&flightID=366619362-6213-uq&flightID=366619323-6979-uq&flightID=366619323-7748-uq".	[MsgId: MMSG-13798]
Action.c(173): Notify: Parameter Substitution: parameter "temp_request" =  "&flightID=366619323-825-uq&flightID=366619323-1594-uq&flightID=366619323-2363-uq&flightID=366619395-3128-uq&flightID=366619289-3909-uq&flightID=366619362-4675-uq&flightID=366619362-5444-uq&flightID=366619362-6213-uq&flightID=366619323-6979-uq&flightID=366619323-7748-uq"	[MsgId: MMSG-13992]
Action.c(173): Notify: Saving Parameter "request = &flightID=366619323-825-uq&flightID=366619323-1594-uq&flightID=366619323-2363-uq&flightID=366619395-3128-uq&flightID=366619289-3909-uq&flightID=366619362-4675-uq&flightID=366619362-5444-uq&flightID=366619362-6213-uq&flightID=366619323-6979-uq&flightID=366619323-7748-uq".	[MsgId: MMSG-13798]
Action.c(168): Notify: Parameter Substitution: parameter "flightID_11" =  "366619323-8517-uq"	[MsgId: MMSG-13992]
Action.c(168): Notify: Saving Parameter "temp_Body = 366619323-8517-uq".	[MsgId: MMSG-13798]
Action.c(169): Notify: Saving Parameter "temp_i = 11".	[MsgId: MMSG-13798]
Action.c(170): Notify: Parameter Substitution: parameter "temp_i" =  "11"	[MsgId: MMSG-13992]
Action.c(170): Notify: Saving Parameter "temp_cgifields = &.cgifields=11".	[MsgId: MMSG-13798]
Action.c(171): Notify: Parameter Substitution: parameter "cgifields_concat" =  "{cgifields_concat}&.cgifields=1&.cgifields=2&.cgifields=3&.cgifields=4&.cgifields=5&.cgifields=6&.cgifields=7&.cgifields=8&.cgifields=9&.cgifields=10"	[MsgId: MMSG-13992]
Action.c(171): Notify: Parameter Substitution: parameter "temp_cgifields" =  "&.cgifields=11"	[MsgId: MMSG-13992]
Action.c(171): Notify: Saving Parameter "cgifields_concat = {cgifields_concat}&.cgifields=1&.cgifields=2&.cgifields=3&.cgifields=4&.cgifields=5&.cgifields=6&.cgifields=7&.cgifields=8&.cgifields=9&.cgifields=10&.cgifields=11".	[MsgId: MMSG-13798]
Action.c(172): Notify: Parameter Substitution: parameter "request" =  "&flightID=366619323-825-uq&flightID=366619323-1594-uq&flightID=366619323-2363-uq&flightID=366619395-3128-uq&flightID=366619289-3909-uq&flightID=366619362-4675-uq&flightID=366619362-5444-uq&flightID=366619362-6213-uq&flightID=366619323-6979-uq&flightID=366619323-7748-uq"	[MsgId: MMSG-13992]
Action.c(172): Notify: Parameter Substitution: parameter "temp_Body" =  "366619323-8517-uq"	[MsgId: MMSG-13992]
Action.c(172): Notify: Saving Parameter "temp_request = &flightID=366619323-825-uq&flightID=366619323-1594-uq&flightID=366619323-2363-uq&flightID=366619395-3128-uq&flightID=366619289-3909-uq&flightID=366619362-4675-uq&flightID=366619362-5444-uq&flightID=366619362-6213-uq&flightID=366619323-6979-uq&flightID=366619323-7748-uq&flightID=366619323-8517-uq".	[MsgId: MMSG-13798]
Action.c(173): Notify: Parameter Substitution: parameter "temp_request" =  "&flightID=366619323-825-uq&flightID=366619323-1594-uq&flightID=366619323-2363-uq&flightID=366619395-3128-uq&flightID=366619289-3909-uq&flightID=366619362-4675-uq&flightID=366619362-5444-uq&flightID=366619362-6213-uq&flightID=366619323-6979-uq&flightID=366619323-7748-uq&flightID=366619323-8517-uq"	[MsgId: MMSG-13992]
Action.c(173): Notify: Saving Parameter "request = &flightID=366619323-825-uq&flightID=366619323-1594-uq&flightID=366619323-2363-uq&flightID=366619395-3128-uq&flightID=366619289-3909-uq&flightID=366619362-4675-uq&flightID=366619362-5444-uq&flightID=366619362-6213-uq&flightID=366619323-6979-uq&flightID=366619323-7748-uq&flightID=366619323-8517-uq".	[MsgId: MMSG-13798]
Action.c(168): Notify: Parameter Substitution: parameter "flightID_12" =  "366619362-9290-uq"	[MsgId: MMSG-13992]
Action.c(168): Notify: Saving Parameter "temp_Body = 366619362-9290-uq".	[MsgId: MMSG-13798]
Action.c(169): Notify: Saving Parameter "temp_i = 12".	[MsgId: MMSG-13798]
Action.c(170): Notify: Parameter Substitution: parameter "temp_i" =  "12"	[MsgId: MMSG-13992]
Action.c(170): Notify: Saving Parameter "temp_cgifields = &.cgifields=12".	[MsgId: MMSG-13798]
Action.c(171): Notify: Parameter Substitution: parameter "cgifields_concat" =  "{cgifields_concat}&.cgifields=1&.cgifields=2&.cgifields=3&.cgifields=4&.cgifields=5&.cgifields=6&.cgifields=7&.cgifields=8&.cgifields=9&.cgifields=10&.cgifields=11"	[MsgId: MMSG-13992]
Action.c(171): Notify: Parameter Substitution: parameter "temp_cgifields" =  "&.cgifields=12"	[MsgId: MMSG-13992]
Action.c(171): Notify: Saving Parameter "cgifields_concat = {cgifields_concat}&.cgifields=1&.cgifields=2&.cgifields=3&.cgifields=4&.cgifields=5&.cgifields=6&.cgifields=7&.cgifields=8&.cgifields=9&.cgifields=10&.cgifields=11&.cgifields=12".	[MsgId: MMSG-13798]
Action.c(172): Notify: Parameter Substitution: parameter "request" =  "&flightID=366619323-825-uq&flightID=366619323-1594-uq&flightID=366619323-2363-uq&flightID=366619395-3128-uq&flightID=366619289-3909-uq&flightID=366619362-4675-uq&flightID=366619362-5444-uq&flightID=366619362-6213-uq&flightID=366619323-6979-uq&flightID=366619323-7748-uq&flightID=366619323-8517-uq"	[MsgId: MMSG-13992]
Action.c(172): Notify: Parameter Substitution: parameter "temp_Body" =  "366619362-9290-uq"	[MsgId: MMSG-13992]
Action.c(172): Notify: Saving Parameter "temp_request = &flightID=366619323-825-uq&flightID=366619323-1594-uq&flightID=366619323-2363-uq&flightID=366619395-3128-uq&flightID=366619289-3909-uq&flightID=366619362-4675-uq&flightID=366619362-5444-uq&flightID=366619362-6213-uq&flightID=366619323-6979-uq&flightID=366619323-7748-uq&flightID=366619323-8517-uq&flightID=366619362-9290-uq".	[MsgId: MMSG-13798]
Action.c(173): Notify: Parameter Substitution: parameter "temp_request" =  "&flightID=366619323-825-uq&flightID=366619323-1594-uq&flightID=366619323-2363-uq&flightID=366619395-3128-uq&flightID=366619289-3909-uq&flightID=366619362-4675-uq&flightID=366619362-5444-uq&flightID=366619362-6213-uq&flightID=366619323-6979-uq&flightID=366619323-7748-uq&flightID=366619323-8517-uq&flightID=366619362-9290-uq"	[MsgId: MMSG-13992]
Action.c(173): Notify: Saving Parameter "request = &flightID=366619323-825-uq&flightID=366619323-1594-uq&flightID=366619323-2363-uq&flightID=366619395-3128-uq&flightID=366619289-3909-uq&flightID=366619362-4675-uq&flightID=366619362-5444-uq&flightID=366619362-6213-uq&flightID=366619323-6979-uq&flightID=366619323-7748-uq&flightID=366619323-8517-uq&flightID=366619362-9290-uq".	[MsgId: MMSG-13798]
Action.c(168): Notify: Parameter Substitution: parameter "flightID_13" =  "366619289-10063-uq"	[MsgId: MMSG-13992]
Action.c(168): Notify: Saving Parameter "temp_Body = 366619289-10063-uq".	[MsgId: MMSG-13798]
Action.c(169): Notify: Saving Parameter "temp_i = 13".	[MsgId: MMSG-13798]
Action.c(170): Notify: Parameter Substitution: parameter "temp_i" =  "13"	[MsgId: MMSG-13992]
Action.c(170): Notify: Saving Parameter "temp_cgifields = &.cgifields=13".	[MsgId: MMSG-13798]
Action.c(171): Notify: Parameter Substitution: parameter "cgifields_concat" =  "{cgifields_concat}&.cgifields=1&.cgifields=2&.cgifields=3&.cgifields=4&.cgifields=5&.cgifields=6&.cgifields=7&.cgifields=8&.cgifields=9&.cgifields=10&.cgifields=11&.cgifields=12"	[MsgId: MMSG-13992]
Action.c(171): Notify: Parameter Substitution: parameter "temp_cgifields" =  "&.cgifields=13"	[MsgId: MMSG-13992]
Action.c(171): Notify: Saving Parameter "cgifields_concat = {cgifields_concat}&.cgifields=1&.cgifields=2&.cgifields=3&.cgifields=4&.cgifields=5&.cgifields=6&.cgifields=7&.cgifields=8&.cgifields=9&.cgifields=10&.cgifields=11&.cgifields=12&.cgifields=13".	[MsgId: MMSG-13798]
Action.c(172): Notify: Parameter Substitution: parameter "request" =  "&flightID=366619323-825-uq&flightID=366619323-1594-uq&flightID=366619323-2363-uq&flightID=366619395-3128-uq&flightID=366619289-3909-uq&flightID=366619362-4675-uq&flightID=366619362-5444-uq&flightID=366619362-6213-uq&flightID=366619323-6979-uq&flightID=366619323-7748-uq&flightID=366619323-8517-uq&flightID=366619362-9290-uq"	[MsgId: MMSG-13992]
Action.c(172): Notify: Parameter Substitution: parameter "temp_Body" =  "366619289-10063-uq"	[MsgId: MMSG-13992]
Action.c(172): Notify: Saving Parameter "temp_request = &flightID=366619323-825-uq&flightID=366619323-1594-uq&flightID=366619323-2363-uq&flightID=366619395-3128-uq&flightID=366619289-3909-uq&flightID=366619362-4675-uq&flightID=366619362-5444-uq&flightID=366619362-6213-uq&flightID=366619323-6979-uq&flightID=366619323-7748-uq&flightID=366619323-8517-uq&flightID=366619362-9290-uq&flightID=366619289-10063-uq".	[MsgId: MMSG-13798]
Action.c(173): Notify: Parameter Substitution: parameter "temp_request" =  "&flightID=366619323-825-uq&flightID=366619323-1594-uq&flightID=366619323-2363-uq&flightID=366619395-3128-uq&flightID=366619289-3909-uq&flightID=366619362-4675-uq&flightID=366619362-5444-uq&flightID=366619362-6213-uq&flightID=366619323-6979-uq&flightID=366619323-7748-uq&flightID=366619323-8517-uq&flightID=366619362-9290-uq&flightID=366619289-10063-uq"	[MsgId: MMSG-13992]
Action.c(173): Notify: Saving Parameter "request = &flightID=366619323-825-uq&flightID=366619323-1594-uq&flightID=366619323-2363-uq&flightID=366619395-3128-uq&flightID=366619289-3909-uq&flightID=366619362-4675-uq&flightID=366619362-5444-uq&flightID=366619362-6213-uq&flightID=366619323-6979-uq&flightID=366619323-7748-uq&flightID=366619323-8517-uq&flightID=366619362-9290-uq&flightID=366619289-10063-uq".	[MsgId: MMSG-13798]
Action.c(168): Notify: Parameter Substitution: parameter "flightID_14" =  "366619289-10832-uq"	[MsgId: MMSG-13992]
Action.c(168): Notify: Saving Parameter "temp_Body = 366619289-10832-uq".	[MsgId: MMSG-13798]
Action.c(169): Notify: Saving Parameter "temp_i = 14".	[MsgId: MMSG-13798]
Action.c(170): Notify: Parameter Substitution: parameter "temp_i" =  "14"	[MsgId: MMSG-13992]
Action.c(170): Notify: Saving Parameter "temp_cgifields = &.cgifields=14".	[MsgId: MMSG-13798]
Action.c(171): Notify: Parameter Substitution: parameter "cgifields_concat" =  "{cgifields_concat}&.cgifields=1&.cgifields=2&.cgifields=3&.cgifields=4&.cgifields=5&.cgifields=6&.cgifields=7&.cgifields=8&.cgifields=9&.cgifields=10&.cgifields=11&.cgifields=12&.cgifields=13"	[MsgId: MMSG-13992]
Action.c(171): Notify: Parameter Substitution: parameter "temp_cgifields" =  "&.cgifields=14"	[MsgId: MMSG-13992]
Action.c(171): Notify: Saving Parameter "cgifields_concat = {cgifields_concat}&.cgifields=1&.cgifields=2&.cgifields=3&.cgifields=4&.cgifields=5&.cgifields=6&.cgifields=7&.cgifields=8&.cgifields=9&.cgifields=10&.cgifields=11&.cgifields=12&.cgifields=13&.cgifields=14".	[MsgId: MMSG-13798]
Action.c(172): Notify: Parameter Substitution: parameter "request" =  "&flightID=366619323-825-uq&flightID=366619323-1594-uq&flightID=366619323-2363-uq&flightID=366619395-3128-uq&flightID=366619289-3909-uq&flightID=366619362-4675-uq&flightID=366619362-5444-uq&flightID=366619362-6213-uq&flightID=366619323-6979-uq&flightID=366619323-7748-uq&flightID=366619323-8517-uq&flightID=366619362-9290-uq&flightID=366619289-10063-uq"	[MsgId: MMSG-13992]
Action.c(172): Notify: Parameter Substitution: parameter "temp_Body" =  "366619289-10832-uq"	[MsgId: MMSG-13992]
Action.c(172): Notify: Saving Parameter "temp_request = &flightID=366619323-825-uq&flightID=366619323-1594-uq&flightID=366619323-2363-uq&flightID=366619395-3128-uq&flightID=366619289-3909-uq&flightID=366619362-4675-uq&flightID=366619362-5444-uq&flightID=366619362-6213-uq&flightID=366619323-6979-uq&flightID=366619323-7748-uq&flightID=366619323-8517-uq&flightID=366619362-9290-uq&flightID=366619289-10063-uq&flightID=366619289-10832-uq".	[MsgId: MMSG-13798]
Action.c(173): Notify: Parameter Substitution: parameter "temp_request" =  "&flightID=366619323-825-uq&flightID=366619323-1594-uq&flightID=366619323-2363-uq&flightID=366619395-3128-uq&flightID=366619289-3909-uq&flightID=366619362-4675-uq&flightID=366619362-5444-uq&flightID=366619362-6213-uq&flightID=366619323-6979-uq&flightID=366619323-7748-uq&flightID=366619323-8517-uq&flightID=366619362-9290-uq&flightID=366619289-10063-uq&flightID=366619289-10832-uq"	[MsgId: MMSG-13992]
Action.c(173): Notify: Saving Parameter "request = &flightID=366619323-825-uq&flightID=366619323-1594-uq&flightID=366619323-2363-uq&flightID=366619395-3128-uq&flightID=366619289-3909-uq&flightID=366619362-4675-uq&flightID=366619362-5444-uq&flightID=366619362-6213-uq&flightID=366619323-6979-uq&flightID=366619323-7748-uq&flightID=366619323-8517-uq&flightID=366619362-9290-uq&flightID=366619289-10063-uq&flightID=366619289-10832-uq".	[MsgId: MMSG-13798]
Action.c(168): Notify: Parameter Substitution: parameter "flightID_15" =  "366619323-11594-uq"	[MsgId: MMSG-13992]
Action.c(168): Notify: Saving Parameter "temp_Body = 366619323-11594-uq".	[MsgId: MMSG-13798]
Action.c(169): Notify: Saving Parameter "temp_i = 15".	[MsgId: MMSG-13798]
Action.c(170): Notify: Parameter Substitution: parameter "temp_i" =  "15"	[MsgId: MMSG-13992]
Action.c(170): Notify: Saving Parameter "temp_cgifields = &.cgifields=15".	[MsgId: MMSG-13798]
Action.c(171): Notify: Parameter Substitution: parameter "cgifields_concat" =  "{cgifields_concat}&.cgifields=1&.cgifields=2&.cgifields=3&.cgifields=4&.cgifields=5&.cgifields=6&.cgifields=7&.cgifields=8&.cgifields=9&.cgifields=10&.cgifields=11&.cgifields=12&.cgifields=13&.cgifields=14"	[MsgId: MMSG-13992]
Action.c(171): Notify: Parameter Substitution: parameter "temp_cgifields" =  "&.cgifields=15"	[MsgId: MMSG-13992]
Action.c(171): Notify: Saving Parameter "cgifields_concat = {cgifields_concat}&.cgifields=1&.cgifields=2&.cgifields=3&.cgifields=4&.cgifields=5&.cgifields=6&.cgifields=7&.cgifields=8&.cgifields=9&.cgifields=10&.cgifields=11&.cgifields=12&.cgifields=13&.cgifields=14&.cgifields=15".	[MsgId: MMSG-13798]
Action.c(172): Notify: Parameter Substitution: parameter "request" =  "&flightID=366619323-825-uq&flightID=366619323-1594-uq&flightID=366619323-2363-uq&flightID=366619395-3128-uq&flightID=366619289-3909-uq&flightID=366619362-4675-uq&flightID=366619362-5444-uq&flightID=366619362-6213-uq&flightID=366619323-6979-uq&flightID=366619323-7748-uq&flightID=366619323-8517-uq&flightID=366619362-9290-uq&flightID=366619289-10063-uq&flightID=366619289-10832-uq"	[MsgId: MMSG-13992]
Action.c(172): Notify: Parameter Substitution: parameter "temp_Body" =  "366619323-11594-uq"	[MsgId: MMSG-13992]
Action.c(172): Notify: Saving Parameter "temp_request = &flightID=366619323-825-uq&flightID=366619323-1594-uq&flightID=366619323-2363-uq&flightID=366619395-3128-uq&flightID=366619289-3909-uq&flightID=366619362-4675-uq&flightID=366619362-5444-uq&flightID=366619362-6213-uq&flightID=366619323-6979-uq&flightID=366619323-7748-uq&flightID=366619323-8517-uq&flightID=366619362-9290-uq&flightID=366619289-10063-uq&flightID=366619289-10832-uq&flightID=366619323-11594-uq".	[MsgId: MMSG-13798]
Action.c(173): Notify: Parameter Substitution: parameter "temp_request" =  "&flightID=366619323-825-uq&flightID=366619323-1594-uq&flightID=366619323-2363-uq&flightID=366619395-3128-uq&flightID=366619289-3909-uq&flightID=366619362-4675-uq&flightID=366619362-5444-uq&flightID=366619362-6213-uq&flightID=366619323-6979-uq&flightID=366619323-7748-uq&flightID=366619323-8517-uq&flightID=366619362-9290-uq&flightID=366619289-10063-uq&flightID=366619289-10832-uq&flightID=366619323-11594-uq"	[MsgId: MMSG-13992]
Action.c(173): Notify: Saving Parameter "request = &flightID=366619323-825-uq&flightID=366619323-1594-uq&flightID=366619323-2363-uq&flightID=366619395-3128-uq&flightID=366619289-3909-uq&flightID=366619362-4675-uq&flightID=366619362-5444-uq&flightID=366619362-6213-uq&flightID=366619323-6979-uq&flightID=366619323-7748-uq&flightID=366619323-8517-uq&flightID=366619362-9290-uq&flightID=366619289-10063-uq&flightID=366619289-10832-uq&flightID=366619323-11594-uq".	[MsgId: MMSG-13798]
Action.c(168): Notify: Parameter Substitution: parameter "flightID_16" =  "366619323-12363-uq"	[MsgId: MMSG-13992]
Action.c(168): Notify: Saving Parameter "temp_Body = 366619323-12363-uq".	[MsgId: MMSG-13798]
Action.c(169): Notify: Saving Parameter "temp_i = 16".	[MsgId: MMSG-13798]
Action.c(170): Notify: Parameter Substitution: parameter "temp_i" =  "16"	[MsgId: MMSG-13992]
Action.c(170): Notify: Saving Parameter "temp_cgifields = &.cgifields=16".	[MsgId: MMSG-13798]
Action.c(171): Notify: Parameter Substitution: parameter "cgifields_concat" =  "{cgifields_concat}&.cgifields=1&.cgifields=2&.cgifields=3&.cgifields=4&.cgifields=5&.cgifields=6&.cgifields=7&.cgifields=8&.cgifields=9&.cgifields=10&.cgifields=11&.cgifields=12&.cgifields=13&.cgifields=14&.cgifields=15"	[MsgId: MMSG-13992]
Action.c(171): Notify: Parameter Substitution: parameter "temp_cgifields" =  "&.cgifields=16"	[MsgId: MMSG-13992]
Action.c(171): Notify: Saving Parameter "cgifields_concat = {cgifields_concat}&.cgifields=1&.cgifields=2&.cgifields=3&.cgifields=4&.cgifields=5&.cgifields=6&.cgifields=7&.cgifields=8&.cgifields=9&.cgifields=10&.cgifields=11&.cgifields=12&.cgifields=13&.cgifields=14&.cgifields=15&.cgifields=16".	[MsgId: MMSG-13798]
Action.c(172): Notify: Parameter Substitution: parameter "request" =  "&flightID=366619323-825-uq&flightID=366619323-1594-uq&flightID=366619323-2363-uq&flightID=366619395-3128-uq&flightID=366619289-3909-uq&flightID=366619362-4675-uq&flightID=366619362-5444-uq&flightID=366619362-6213-uq&flightID=366619323-6979-uq&flightID=366619323-7748-uq&flightID=366619323-8517-uq&flightID=366619362-9290-uq&flightID=366619289-10063-uq&flightID=366619289-10832-uq&flightID=366619323-11594-uq"	[MsgId: MMSG-13992]
Action.c(172): Notify: Parameter Substitution: parameter "temp_Body" =  "366619323-12363-uq"	[MsgId: MMSG-13992]
Action.c(172): Notify: Saving Parameter "temp_request = &flightID=366619323-825-uq&flightID=366619323-1594-uq&flightID=366619323-2363-uq&flightID=366619395-3128-uq&flightID=366619289-3909-uq&flightID=366619362-4675-uq&flightID=366619362-5444-uq&flightID=366619362-6213-uq&flightID=366619323-6979-uq&flightID=366619323-7748-uq&flightID=366619323-8517-uq&flightID=366619362-9290-uq&flightID=366619289-10063-uq&flightID=366619289-10832-uq&flightID=366619323-11594-uq&flightID=366619323-12363-uq".	[MsgId: MMSG-13798]
Action.c(173): Notify: Parameter Substitution: parameter "temp_request" =  "&flightID=366619323-825-uq&flightID=366619323-1594-uq&flightID=366619323-2363-uq&flightID=366619395-3128-uq&flightID=366619289-3909-uq&flightID=366619362-4675-uq&flightID=366619362-5444-uq&flightID=366619362-6213-uq&flightID=366619323-6979-uq&flightID=366619323-7748-uq&flightID=366619323-8517-uq&flightID=366619362-9290-uq&flightID=366619289-10063-uq&flightID=366619289-10832-uq&flightID=366619323-11594-uq&flightID=366619323-12363-uq"	[MsgId: MMSG-13992]
Action.c(173): Notify: Saving Parameter "request = &flightID=366619323-825-uq&flightID=366619323-1594-uq&flightID=366619323-2363-uq&flightID=366619395-3128-uq&flightID=366619289-3909-uq&flightID=366619362-4675-uq&flightID=366619362-5444-uq&flightID=366619362-6213-uq&flightID=366619323-6979-uq&flightID=366619323-7748-uq&flightID=366619323-8517-uq&flightID=366619362-9290-uq&flightID=366619289-10063-uq&flightID=366619289-10832-uq&flightID=366619323-11594-uq&flightID=366619323-12363-uq".	[MsgId: MMSG-13798]
Action.c(168): Notify: Parameter Substitution: parameter "flightID_17" =  "366619395-13128-uq"	[MsgId: MMSG-13992]
Action.c(168): Notify: Saving Parameter "temp_Body = 366619395-13128-uq".	[MsgId: MMSG-13798]
Action.c(169): Notify: Saving Parameter "temp_i = 17".	[MsgId: MMSG-13798]
Action.c(170): Notify: Parameter Substitution: parameter "temp_i" =  "17"	[MsgId: MMSG-13992]
Action.c(170): Notify: Saving Parameter "temp_cgifields = &.cgifields=17".	[MsgId: MMSG-13798]
Action.c(171): Notify: Parameter Substitution: parameter "cgifields_concat" =  "{cgifields_concat}&.cgifields=1&.cgifields=2&.cgifields=3&.cgifields=4&.cgifields=5&.cgifields=6&.cgifields=7&.cgifields=8&.cgifields=9&.cgifields=10&.cgifields=11&.cgifields=12&.cgifields=13&.cgifields=14&.cgifields=15&.cgifields=16"	[MsgId: MMSG-13992]
Action.c(171): Notify: Parameter Substitution: parameter "temp_cgifields" =  "&.cgifields=17"	[MsgId: MMSG-13992]
Action.c(171): Notify: Saving Parameter "cgifields_concat = {cgifields_concat}&.cgifields=1&.cgifields=2&.cgifields=3&.cgifields=4&.cgifields=5&.cgifields=6&.cgifields=7&.cgifields=8&.cgifields=9&.cgifields=10&.cgifields=11&.cgifields=12&.cgifields=13&.cgifields=14&.cgifields=15&.cgifields=16&.cgifields=17".	[MsgId: MMSG-13798]
Action.c(172): Notify: Parameter Substitution: parameter "request" =  "&flightID=366619323-825-uq&flightID=366619323-1594-uq&flightID=366619323-2363-uq&flightID=366619395-3128-uq&flightID=366619289-3909-uq&flightID=366619362-4675-uq&flightID=366619362-5444-uq&flightID=366619362-6213-uq&flightID=366619323-6979-uq&flightID=366619323-7748-uq&flightID=366619323-8517-uq&flightID=366619362-9290-uq&flightID=366619289-10063-uq&flightID=366619289-10832-uq&flightID=366619323-11594-uq&flightID=366619323-12363-uq"	[MsgId: MMSG-13992]
Action.c(172): Notify: Parameter Substitution: parameter "temp_Body" =  "366619395-13128-uq"	[MsgId: MMSG-13992]
Action.c(172): Notify: Saving Parameter "temp_request = &flightID=366619323-825-uq&flightID=366619323-1594-uq&flightID=366619323-2363-uq&flightID=366619395-3128-uq&flightID=366619289-3909-uq&flightID=366619362-4675-uq&flightID=366619362-5444-uq&flightID=366619362-6213-uq&flightID=366619323-6979-uq&flightID=366619323-7748-uq&flightID=366619323-8517-uq&flightID=366619362-9290-uq&flightID=366619289-10063-uq&flightID=366619289-10832-uq&flightID=366619323-11594-uq&flightID=366619323-12363-uq&flightID=366619395-13128-uq".	[MsgId: MMSG-13798]
Action.c(173): Notify: Parameter Substitution: parameter "temp_request" =  "&flightID=366619323-825-uq&flightID=366619323-1594-uq&flightID=366619323-2363-uq&flightID=366619395-3128-uq&flightID=366619289-3909-uq&flightID=366619362-4675-uq&flightID=366619362-5444-uq&flightID=366619362-6213-uq&flightID=366619323-6979-uq&flightID=366619323-7748-uq&flightID=366619323-8517-uq&flightID=366619362-9290-uq&flightID=366619289-10063-uq&flightID=366619289-10832-uq&flightID=366619323-11594-uq&flightID=366619323-12363-uq&flightID=366619395-13128-uq"	[MsgId: MMSG-13992]
Action.c(173): Notify: Saving Parameter "request = &flightID=366619323-825-uq&flightID=366619323-1594-uq&flightID=366619323-2363-uq&flightID=366619395-3128-uq&flightID=366619289-3909-uq&flightID=366619362-4675-uq&flightID=366619362-5444-uq&flightID=366619362-6213-uq&flightID=366619323-6979-uq&flightID=366619323-7748-uq&flightID=366619323-8517-uq&flightID=366619362-9290-uq&flightID=366619289-10063-uq&flightID=366619289-10832-uq&flightID=366619323-11594-uq&flightID=366619323-12363-uq&flightID=366619395-13128-uq".	[MsgId: MMSG-13798]
Action.c(168): Notify: Parameter Substitution: parameter "flightID_18" =  "366619395-13897-uq"	[MsgId: MMSG-13992]
Action.c(168): Notify: Saving Parameter "temp_Body = 366619395-13897-uq".	[MsgId: MMSG-13798]
Action.c(169): Notify: Saving Parameter "temp_i = 18".	[MsgId: MMSG-13798]
Action.c(170): Notify: Parameter Substitution: parameter "temp_i" =  "18"	[MsgId: MMSG-13992]
Action.c(170): Notify: Saving Parameter "temp_cgifields = &.cgifields=18".	[MsgId: MMSG-13798]
Action.c(171): Notify: Parameter Substitution: parameter "cgifields_concat" =  "{cgifields_concat}&.cgifields=1&.cgifields=2&.cgifields=3&.cgifields=4&.cgifields=5&.cgifields=6&.cgifields=7&.cgifields=8&.cgifields=9&.cgifields=10&.cgifields=11&.cgifields=12&.cgifields=13&.cgifields=14&.cgifields=15&.cgifields=16&.cgifields=17"	[MsgId: MMSG-13992]
Action.c(171): Notify: Parameter Substitution: parameter "temp_cgifields" =  "&.cgifields=18"	[MsgId: MMSG-13992]
Action.c(171): Notify: Saving Parameter "cgifields_concat = {cgifields_concat}&.cgifields=1&.cgifields=2&.cgifields=3&.cgifields=4&.cgifields=5&.cgifields=6&.cgifields=7&.cgifields=8&.cgifields=9&.cgifields=10&.cgifields=11&.cgifields=12&.cgifields=13&.cgifields=14&.cgifields=15&.cgifields=16&.cgifields=17&.cgifields=18".	[MsgId: MMSG-13798]
Action.c(172): Notify: Parameter Substitution: parameter "request" =  "&flightID=366619323-825-uq&flightID=366619323-1594-uq&flightID=366619323-2363-uq&flightID=366619395-3128-uq&flightID=366619289-3909-uq&flightID=366619362-4675-uq&flightID=366619362-5444-uq&flightID=366619362-6213-uq&flightID=366619323-6979-uq&flightID=366619323-7748-uq&flightID=366619323-8517-uq&flightID=366619362-9290-uq&flightID=366619289-10063-uq&flightID=366619289-10832-uq&flightID=366619323-11594-uq&flightID=366619323-12363-uq&flightID=366619395-13128-uq"	[MsgId: MMSG-13992]
Action.c(172): Notify: Parameter Substitution: parameter "temp_Body" =  "366619395-13897-uq"	[MsgId: MMSG-13992]
Action.c(172): Notify: Saving Parameter "temp_request = &flightID=366619323-825-uq&flightID=366619323-1594-uq&flightID=366619323-2363-uq&flightID=366619395-3128-uq&flightID=366619289-3909-uq&flightID=366619362-4675-uq&flightID=366619362-5444-uq&flightID=366619362-6213-uq&flightID=366619323-6979-uq&flightID=366619323-7748-uq&flightID=366619323-8517-uq&flightID=366619362-9290-uq&flightID=366619289-10063-uq&flightID=366619289-10832-uq&flightID=366619323-11594-uq&flightID=366619323-12363-uq&flightID=366619395-13128-uq&flightID=366619395-13897-uq".	[MsgId: MMSG-13798]
Action.c(173): Notify: Parameter Substitution: parameter "temp_request" =  "&flightID=366619323-825-uq&flightID=366619323-1594-uq&flightID=366619323-2363-uq&flightID=366619395-3128-uq&flightID=366619289-3909-uq&flightID=366619362-4675-uq&flightID=366619362-5444-uq&flightID=366619362-6213-uq&flightID=366619323-6979-uq&flightID=366619323-7748-uq&flightID=366619323-8517-uq&flightID=366619362-9290-uq&flightID=366619289-10063-uq&flightID=366619289-10832-uq&flightID=366619323-11594-uq&flightID=366619323-12363-uq&flightID=366619395-13128-uq&flightID=366619395-13897-uq"	[MsgId: MMSG-13992]
Action.c(173): Notify: Saving Parameter "request = &flightID=366619323-825-uq&flightID=366619323-1594-uq&flightID=366619323-2363-uq&flightID=366619395-3128-uq&flightID=366619289-3909-uq&flightID=366619362-4675-uq&flightID=366619362-5444-uq&flightID=366619362-6213-uq&flightID=366619323-6979-uq&flightID=366619323-7748-uq&flightID=366619323-8517-uq&flightID=366619362-9290-uq&flightID=366619289-10063-uq&flightID=366619289-10832-uq&flightID=366619323-11594-uq&flightID=366619323-12363-uq&flightID=366619395-13128-uq&flightID=366619395-13897-uq".	[MsgId: MMSG-13798]
Action.c(168): Notify: Parameter Substitution: parameter "flightID_19" =  "366619395-14666-uq"	[MsgId: MMSG-13992]
Action.c(168): Notify: Saving Parameter "temp_Body = 366619395-14666-uq".	[MsgId: MMSG-13798]
Action.c(169): Notify: Saving Parameter "temp_i = 19".	[MsgId: MMSG-13798]
Action.c(170): Notify: Parameter Substitution: parameter "temp_i" =  "19"	[MsgId: MMSG-13992]
Action.c(170): Notify: Saving Parameter "temp_cgifields = &.cgifields=19".	[MsgId: MMSG-13798]
Action.c(171): Notify: Parameter Substitution: parameter "cgifields_concat" =  "{cgifields_concat}&.cgifields=1&.cgifields=2&.cgifields=3&.cgifields=4&.cgifields=5&.cgifields=6&.cgifields=7&.cgifields=8&.cgifields=9&.cgifields=10&.cgifields=11&.cgifields=12&.cgifields=13&.cgifields=14&.cgifields=15&.cgifields=16&.cgifields=17&.cgifields=18"	[MsgId: MMSG-13992]
Action.c(171): Notify: Parameter Substitution: parameter "temp_cgifields" =  "&.cgifields=19"	[MsgId: MMSG-13992]
Action.c(171): Notify: Saving Parameter "cgifields_concat = {cgifields_concat}&.cgifields=1&.cgifields=2&.cgifields=3&.cgifields=4&.cgifields=5&.cgifields=6&.cgifields=7&.cgifields=8&.cgifields=9&.cgifields=10&.cgifields=11&.cgifields=12&.cgifields=13&.cgifields=14&.cgifields=15&.cgifields=16&.cgifields=17&.cgifields=18&.cgifields=19".	[MsgId: MMSG-13798]
Action.c(172): Notify: Parameter Substitution: parameter "request" =  "&flightID=366619323-825-uq&flightID=366619323-1594-uq&flightID=366619323-2363-uq&flightID=366619395-3128-uq&flightID=366619289-3909-uq&flightID=366619362-4675-uq&flightID=366619362-5444-uq&flightID=366619362-6213-uq&flightID=366619323-6979-uq&flightID=366619323-7748-uq&flightID=366619323-8517-uq&flightID=366619362-9290-uq&flightID=366619289-10063-uq&flightID=366619289-10832-uq&flightID=366619323-11594-uq&flightID=366619323-12363-uq&flightID=366619395-13128-uq&flightID=366619395-13897-uq"	[MsgId: MMSG-13992]
Action.c(172): Notify: Parameter Substitution: parameter "temp_Body" =  "366619395-14666-uq"	[MsgId: MMSG-13992]
Action.c(172): Notify: Saving Parameter "temp_request = &flightID=366619323-825-uq&flightID=366619323-1594-uq&flightID=366619323-2363-uq&flightID=366619395-3128-uq&flightID=366619289-3909-uq&flightID=366619362-4675-uq&flightID=366619362-5444-uq&flightID=366619362-6213-uq&flightID=366619323-6979-uq&flightID=366619323-7748-uq&flightID=366619323-8517-uq&flightID=366619362-9290-uq&flightID=366619289-10063-uq&flightID=366619289-10832-uq&flightID=366619323-11594-uq&flightID=366619323-12363-uq&flightID=366619395-13128-uq&flightID=366619395-13897-uq&flightID=366619395-14666-uq".	[MsgId: MMSG-13798]
Action.c(173): Notify: Parameter Substitution: parameter "temp_request" =  "&flightID=366619323-825-uq&flightID=366619323-1594-uq&flightID=366619323-2363-uq&flightID=366619395-3128-uq&flightID=366619289-3909-uq&flightID=366619362-4675-uq&flightID=366619362-5444-uq&flightID=366619362-6213-uq&flightID=366619323-6979-uq&flightID=366619323-7748-uq&flightID=366619323-8517-uq&flightID=366619362-9290-uq&flightID=366619289-10063-uq&flightID=366619289-10832-uq&flightID=366619323-11594-uq&flightID=366619323-12363-uq&flightID=366619395-13128-uq&flightID=366619395-13897-uq&flightID=366619395-14666-uq"	[MsgId: MMSG-13992]
Action.c(173): Notify: Saving Parameter "request = &flightID=366619323-825-uq&flightID=366619323-1594-uq&flightID=366619323-2363-uq&flightID=366619395-3128-uq&flightID=366619289-3909-uq&flightID=366619362-4675-uq&flightID=366619362-5444-uq&flightID=366619362-6213-uq&flightID=366619323-6979-uq&flightID=366619323-7748-uq&flightID=366619323-8517-uq&flightID=366619362-9290-uq&flightID=366619289-10063-uq&flightID=366619289-10832-uq&flightID=366619323-11594-uq&flightID=366619323-12363-uq&flightID=366619395-13128-uq&flightID=366619395-13897-uq&flightID=366619395-14666-uq".	[MsgId: MMSG-13798]
Action.c(168): Notify: Parameter Substitution: parameter "flightID_20" =  "366619395-15436-uq"	[MsgId: MMSG-13992]
Action.c(168): Notify: Saving Parameter "temp_Body = 366619395-15436-uq".	[MsgId: MMSG-13798]
Action.c(169): Notify: Saving Parameter "temp_i = 20".	[MsgId: MMSG-13798]
Action.c(170): Notify: Parameter Substitution: parameter "temp_i" =  "20"	[MsgId: MMSG-13992]
Action.c(170): Notify: Saving Parameter "temp_cgifields = &.cgifields=20".	[MsgId: MMSG-13798]
Action.c(171): Notify: Parameter Substitution: parameter "cgifields_concat" =  "{cgifields_concat}&.cgifields=1&.cgifields=2&.cgifields=3&.cgifields=4&.cgifields=5&.cgifields=6&.cgifields=7&.cgifields=8&.cgifields=9&.cgifields=10&.cgifields=11&.cgifields=12&.cgifields=13&.cgifields=14&.cgifields=15&.cgifields=16&.cgifields=17&.cgifields=18&.cgifields=19"	[MsgId: MMSG-13992]
Action.c(171): Notify: Parameter Substitution: parameter "temp_cgifields" =  "&.cgifields=20"	[MsgId: MMSG-13992]
Action.c(171): Notify: Saving Parameter "cgifields_concat = {cgifields_concat}&.cgifields=1&.cgifields=2&.cgifields=3&.cgifields=4&.cgifields=5&.cgifields=6&.cgifields=7&.cgifields=8&.cgifields=9&.cgifields=10&.cgifields=11&.cgifields=12&.cgifields=13&.cgifields=14&.cgifields=15&.cgifields=16&.cgifields=17&.cgifields=18&.cgifields=19&.cgifields=20".	[MsgId: MMSG-13798]
Action.c(172): Notify: Parameter Substitution: parameter "request" =  "&flightID=366619323-825-uq&flightID=366619323-1594-uq&flightID=366619323-2363-uq&flightID=366619395-3128-uq&flightID=366619289-3909-uq&flightID=366619362-4675-uq&flightID=366619362-5444-uq&flightID=366619362-6213-uq&flightID=366619323-6979-uq&flightID=366619323-7748-uq&flightID=366619323-8517-uq&flightID=366619362-9290-uq&flightID=366619289-10063-uq&flightID=366619289-10832-uq&flightID=366619323-11594-uq&flightID=366619323-12363-uq&flightID=366619395-13128-uq&flightID=366619395-13897-uq&flightID=366619395-14666-uq"	[MsgId: MMSG-13992]
Action.c(172): Notify: Parameter Substitution: parameter "temp_Body" =  "366619395-15436-uq"	[MsgId: MMSG-13992]
Action.c(172): Notify: Saving Parameter "temp_request = &flightID=366619323-825-uq&flightID=366619323-1594-uq&flightID=366619323-2363-uq&flightID=366619395-3128-uq&flightID=366619289-3909-uq&flightID=366619362-4675-uq&flightID=366619362-5444-uq&flightID=366619362-6213-uq&flightID=366619323-6979-uq&flightID=366619323-7748-uq&flightID=366619323-8517-uq&flightID=366619362-9290-uq&flightID=366619289-10063-uq&flightID=366619289-10832-uq&flightID=366619323-11594-uq&flightID=366619323-12363-uq&flightID=366619395-13128-uq&flightID=366619395-13897-uq&flightID=366619395-14666-uq&flightID=366619395-15436-uq".	[MsgId: MMSG-13798]
Action.c(173): Notify: Parameter Substitution: parameter "temp_request" =  "&flightID=366619323-825-uq&flightID=366619323-1594-uq&flightID=366619323-2363-uq&flightID=366619395-3128-uq&flightID=366619289-3909-uq&flightID=366619362-4675-uq&flightID=366619362-5444-uq&flightID=366619362-6213-uq&flightID=366619323-6979-uq&flightID=366619323-7748-uq&flightID=366619323-8517-uq&flightID=366619362-9290-uq&flightID=366619289-10063-uq&flightID=366619289-10832-uq&flightID=366619323-11594-uq&flightID=366619323-12363-uq&flightID=366619395-13128-uq&flightID=366619395-13897-uq&flightID=366619395-14666-uq&flightID=366619395-15436-uq"	[MsgId: MMSG-13992]
Action.c(173): Notify: Saving Parameter "request = &flightID=366619323-825-uq&flightID=366619323-1594-uq&flightID=366619323-2363-uq&flightID=366619395-3128-uq&flightID=366619289-3909-uq&flightID=366619362-4675-uq&flightID=366619362-5444-uq&flightID=366619362-6213-uq&flightID=366619323-6979-uq&flightID=366619323-7748-uq&flightID=366619323-8517-uq&flightID=366619362-9290-uq&flightID=366619289-10063-uq&flightID=366619289-10832-uq&flightID=366619323-11594-uq&flightID=366619323-12363-uq&flightID=366619395-13128-uq&flightID=366619395-13897-uq&flightID=366619395-14666-uq&flightID=366619395-15436-uq".	[MsgId: MMSG-13798]
Action.c(168): Notify: Parameter Substitution: parameter "flightID_21" =  "366619289-16216-uq"	[MsgId: MMSG-13992]
Action.c(168): Notify: Saving Parameter "temp_Body = 366619289-16216-uq".	[MsgId: MMSG-13798]
Action.c(169): Notify: Saving Parameter "temp_i = 21".	[MsgId: MMSG-13798]
Action.c(170): Notify: Parameter Substitution: parameter "temp_i" =  "21"	[MsgId: MMSG-13992]
Action.c(170): Notify: Saving Parameter "temp_cgifields = &.cgifields=21".	[MsgId: MMSG-13798]
Action.c(171): Notify: Parameter Substitution: parameter "cgifields_concat" =  "{cgifields_concat}&.cgifields=1&.cgifields=2&.cgifields=3&.cgifields=4&.cgifields=5&.cgifields=6&.cgifields=7&.cgifields=8&.cgifields=9&.cgifields=10&.cgifields=11&.cgifields=12&.cgifields=13&.cgifields=14&.cgifields=15&.cgifields=16&.cgifields=17&.cgifields=18&.cgifields=19&.cgifields=20"	[MsgId: MMSG-13992]
Action.c(171): Notify: Parameter Substitution: parameter "temp_cgifields" =  "&.cgifields=21"	[MsgId: MMSG-13992]
Action.c(171): Notify: Saving Parameter "cgifields_concat = {cgifields_concat}&.cgifields=1&.cgifields=2&.cgifields=3&.cgifields=4&.cgifields=5&.cgifields=6&.cgifields=7&.cgifields=8&.cgifields=9&.cgifields=10&.cgifields=11&.cgifields=12&.cgifields=13&.cgifields=14&.cgifields=15&.cgifields=16&.cgifields=17&.cgifields=18&.cgifields=19&.cgifields=20&.cgifields=21".	[MsgId: MMSG-13798]
Action.c(172): Notify: Parameter Substitution: parameter "request" =  "&flightID=366619323-825-uq&flightID=366619323-1594-uq&flightID=366619323-2363-uq&flightID=366619395-3128-uq&flightID=366619289-3909-uq&flightID=366619362-4675-uq&flightID=366619362-5444-uq&flightID=366619362-6213-uq&flightID=366619323-6979-uq&flightID=366619323-7748-uq&flightID=366619323-8517-uq&flightID=366619362-9290-uq&flightID=366619289-10063-uq&flightID=366619289-10832-uq&flightID=366619323-11594-uq&flightID=366619323-12363-uq&flightID=366619395-13128-uq&flightID=366619395-13897-uq&flightID=366619395-14666-uq&flightID=366619395-15436-uq"	[MsgId: MMSG-13992]
Action.c(172): Notify: Parameter Substitution: parameter "temp_Body" =  "366619289-16216-uq"	[MsgId: MMSG-13992]
Action.c(172): Notify: Saving Parameter "temp_request = &flightID=366619323-825-uq&flightID=366619323-1594-uq&flightID=366619323-2363-uq&flightID=366619395-3128-uq&flightID=366619289-3909-uq&flightID=366619362-4675-uq&flightID=366619362-5444-uq&flightID=366619362-6213-uq&flightID=366619323-6979-uq&flightID=366619323-7748-uq&flightID=366619323-8517-uq&flightID=366619362-9290-uq&flightID=366619289-10063-uq&flightID=366619289-10832-uq&flightID=366619323-11594-uq&flightID=366619323-12363-uq&flightID=366619395-13128-uq&flightID=366619395-13897-uq&flightID=366619395-14666-uq&flightID=366619395-15436-uq&flightID=366619289-16216-uq".	[MsgId: MMSG-13798]
Action.c(173): Notify: Parameter Substitution: parameter "temp_request" =  "&flightID=366619323-825-uq&flightID=366619323-1594-uq&flightID=366619323-2363-uq&flightID=366619395-3128-uq&flightID=366619289-3909-uq&flightID=366619362-4675-uq&flightID=366619362-5444-uq&flightID=366619362-6213-uq&flightID=366619323-6979-uq&flightID=366619323-7748-uq&flightID=366619323-8517-uq&flightID=366619362-9290-uq&flightID=366619289-10063-uq&flightID=366619289-10832-uq&flightID=366619323-11594-uq&flightID=366619323-12363-uq&flightID=366619395-13128-uq&flightID=366619395-13897-uq&flightID=366619395-14666-uq&flightID=366619395-15436-uq&flightID=366619289-16216-uq"	[MsgId: MMSG-13992]
Action.c(173): Notify: Saving Parameter "request = &flightID=366619323-825-uq&flightID=366619323-1594-uq&flightID=366619323-2363-uq&flightID=366619395-3128-uq&flightID=366619289-3909-uq&flightID=366619362-4675-uq&flightID=366619362-5444-uq&flightID=366619362-6213-uq&flightID=366619323-6979-uq&flightID=366619323-7748-uq&flightID=366619323-8517-uq&flightID=366619362-9290-uq&flightID=366619289-10063-uq&flightID=366619289-10832-uq&flightID=366619323-11594-uq&flightID=366619323-12363-uq&flightID=366619395-13128-uq&flightID=366619395-13897-uq&flightID=366619395-14666-uq&flightID=366619395-15436-uq&flightID=366619289-16216-uq".	[MsgId: MMSG-13798]
Action.c(177): Notify: Transaction "cancel_booking" started.	[MsgId: MMSG-16999]
Action.c(180): web_add_header("Origin") started  	[MsgId: MMSG-26355]
Action.c(180): Notify: Parameter Substitution: parameter "HOST_PORT" =  "localhost:1080"	[MsgId: MMSG-13992]
Action.c(180): web_add_header("Origin") was successful  	[MsgId: MMSG-26392]
Action.c(184): web_reg_find started  	[MsgId: MMSG-26355]
Action.c(184): Registering web_reg_find was successful  	[MsgId: MMSG-26390]
Action.c(190): web_reg_find started  	[MsgId: MMSG-26355]
Action.c(190): Notify: Parameter Substitution: parameter "flightID_1" =  "366619323-825-uq"	[MsgId: MMSG-13992]
Action.c(190): Registering web_reg_find was successful  	[MsgId: MMSG-26390]
Action.c(195): web_custom_request("itinerary.pl_2") started  	[MsgId: MMSG-26355]
Action.c(195): Notify: Parameter Substitution: parameter "HOST_PORT" =  "localhost:1080"	[MsgId: MMSG-13992]
Action.c(195): Notify: Parameter Substitution: parameter "HOST_PORT" =  "localhost:1080"	[MsgId: MMSG-13992]
Action.c(195): Notify: Parameter Substitution: parameter "request" =  "&flightID=366619323-825-uq&flightID=366619323-1594-uq&flightID=366619323-2363-uq&flightID=366619395-3128-uq&flightID=366619289-3909-uq&flightID=366619362-4675-uq&flightID=366619362-5444-uq&flightID=366619362-6213-uq&flightID=366619323-6979-uq&flightID=366619323-7748-uq&flightID=366619323-8517-uq&flightID=366619362-9290-uq&flightID=366619289-10063-uq&flightID=366619289-10832-uq&flightID=366619323-11594-uq&flightID=366619323-12363-uq&flightID=366619395-13128-uq&flightID=366619395-13897-uq&flightID=366619395-14666-uq&flightID=366619395-15436-uq&flightID=366619289-16216-uq"	[MsgId: MMSG-13992]
Action.c(195): Notify: Parameter Substitution: parameter "cgifields_concat" =  "{cgifields_concat}&.cgifields=1&.cgifields=2&.cgifields=3&.cgifields=4&.cgifields=5&.cgifields=6&.cgifields=7&.cgifields=8&.cgifields=9&.cgifields=10&.cgifields=11&.cgifields=12&.cgifields=13&.cgifields=14&.cgifields=15&.cgifields=16&.cgifields=17&.cgifields=18&.cgifields=19&.cgifields=20&.cgifields=21"	[MsgId: MMSG-13992]
Action.c(195): Registered web_reg_find successful for "Text=database synchronization error"  	[MsgId: MMSG-26362]
Action.c(195): Error -26368: "Text=366619323-825-uq" found for web_reg_find (count=1)  	[MsgId: MERR-26368]
Action.c(195): web_custom_request("itinerary.pl_2") highest severity level was "ERROR", 24129 body bytes, 255 header bytes, 51 chunking overhead bytes  	[MsgId: MMSG-26387]
Action.c(195): Notify: Transaction "cancel_booking" ended with a "Fail" status (Duration: 0,0943 Wasted Time: 0,0000).	[MsgId: MMSG-16871]
Action.c(195): Notify: Transaction "cancel_booking" has 1 error message(s).	[MsgId: MMSG-16818]
Action.c(195): Notify: The 1st error message associated with transaction "cancel_booking" is "Error -26368: "Text=366619323-825-uq" found for web_reg_find (count=1)"	[MsgId: MMSG-16819]
Action.c(195): Notify: Transaction "UC05_Cancel_Booking" ended with a "Fail" status (Duration: 5,8505 Think Time: 5,0137 Wasted Time: 0,0274).	[MsgId: MMSG-16870]
Action.c(195): Notify: Transaction "UC05_Cancel_Booking" has 1 error message(s).	[MsgId: MMSG-16818]
Action.c(195): Notify: The 1st error message associated with transaction "UC05_Cancel_Booking" is "Error -26368: "Text=366619323-825-uq" found for web_reg_find (count=1)"	[MsgId: MMSG-16819]
Ending action Action.	[MsgId: MMSG-15918]
Ending iteration 1.	[MsgId: MMSG-15965]
Waiting 44,1480 seconds for iteration pacing.	[MsgId: MMSG-15996]
Action was aborted.	[MsgId: MMSG-10694]
Ending Vuser...	[MsgId: MMSG-15966]
Starting action vuser_end.	[MsgId: MMSG-15919]
Ending action vuser_end.	[MsgId: MMSG-15918]
Vuser Terminated.	[MsgId: MMSG-15963]
Vuser 0 (thread 45488), ended OK."	[MsgId: MMSG-10695]
