Virtual User Script started at: 29.10.2023 16:48:06	[MsgId: MMSG-15967]
Starting action vuser_init.	[MsgId: MMSG-15919]
Web Turbo Replay of LoadRunner 2021.0.0 for Windows 10; build 430 (янв 05 2021 19:27:22)  	[MsgId: MMSG-26983]
Run mode: HTML  	[MsgId: MMSG-26993]
Replay user agent: Mozilla/5.0 (Windows NT 10.0; Win64; x64; rv:109.0) Gecko/20100101 Firefox/118.0  	[MsgId: MMSG-26988]
Runtime Settings file: "C:\Users\drozd\AppData\Local\Temp\lr5tmpdirfrZ.470\lrcfghvp.471\cfg0ez.472"  	[MsgId: MMSG-27141]
Ending action vuser_init.	[MsgId: MMSG-15918]
Running Vuser...	[MsgId: MMSG-15964]
Virtual User Script started at: 29.10.2023 16:48:06	[MsgId: MMSG-15967]
Starting action vuser_init.	[MsgId: MMSG-15919]
Web Turbo Replay of LoadRunner 2021.0.0 for Windows 10; build 430 (янв 05 2021 19:27:22)  	[MsgId: MMSG-26983]
Run mode: HTML  	[MsgId: MMSG-26993]
Replay user agent: Mozilla/5.0 (Windows NT 10.0; Win64; x64; rv:109.0) Gecko/20100101 Firefox/118.0  	[MsgId: MMSG-26988]
Runtime Settings file: "C:\Users\drozd\AppData\Local\Temp\lr5tmpdirfrZ.470\lrcfghvp.471\cfg0ez.472"  	[MsgId: MMSG-27141]
Ending action vuser_init.	[MsgId: MMSG-15918]
Running Vuser...	[MsgId: MMSG-15964]
Starting iteration 1.	[MsgId: MMSG-15968]
Maximum number of concurrent connections per server: 6  	[MsgId: MMSG-26989]
Starting action Action.	[MsgId: MMSG-15919]
Action.c(3): Notify: Transaction "UC03_Покупка" started.	[MsgId: MMSG-16999]
Action.c(4): Notify: Transaction "welcome" started.	[MsgId: MMSG-16999]
Action.c(8): web_reg_save_param_attrib started  	[MsgId: MMSG-26355]
Action.c(8): Registering web_reg_save_param_attrib was successful  	[MsgId: MMSG-26390]
Action.c(19): web_url("webtours") started  	[MsgId: MMSG-26355]
Action.c(19): Detected non-resource "http://localhost:1080/webtours/header.html" in "http://localhost:1080/webtours/"  	[MsgId: MMSG-26574]
Action.c(19): Detected non-resource "http://localhost:1080/cgi-bin/welcome.pl?signOff=true" in "http://localhost:1080/webtours/"  	[MsgId: MMSG-26574]
Starting iteration 1.	[MsgId: MMSG-15968]
Maximum number of concurrent connections per server: 6  	[MsgId: MMSG-26989]
Starting action Action.	[MsgId: MMSG-15919]
Action.c(3): Notify: Transaction "UC03_Покупка" started.	[MsgId: MMSG-16999]
Action.c(4): Notify: Transaction "welcome" started.	[MsgId: MMSG-16999]
Action.c(8): web_reg_save_param_attrib started  	[MsgId: MMSG-26355]
Action.c(8): Registering web_reg_save_param_attrib was successful  	[MsgId: MMSG-26390]
Action.c(19): web_url("webtours") started  	[MsgId: MMSG-26355]
Action.c(19): Found resource "http://localhost:1080/webtours/images/hp_logo.png" in HTML "http://localhost:1080/webtours/header.html"  	[MsgId: MMSG-26659]
Action.c(19): Found resource "http://localhost:1080/webtours/images/webtours.png" in HTML "http://localhost:1080/webtours/header.html"  	[MsgId: MMSG-26659]
Action.c(19): Detected non-resource "http://localhost:1080/webtours/header.html" in "http://localhost:1080/webtours/"  	[MsgId: MMSG-26574]
Action.c(19): Detected non-resource "http://localhost:1080/cgi-bin/welcome.pl?signOff=true" in "http://localhost:1080/webtours/"  	[MsgId: MMSG-26574]
Action.c(19): Found resource "http://localhost:1080/webtours/images/hp_logo.png" in HTML "http://localhost:1080/webtours/header.html"  	[MsgId: MMSG-26659]
Action.c(19): Found resource "http://localhost:1080/webtours/images/webtours.png" in HTML "http://localhost:1080/webtours/header.html"  	[MsgId: MMSG-26659]
Virtual User Script started at: 29.10.2023 16:48:06	[MsgId: MMSG-15967]
Starting action vuser_init.	[MsgId: MMSG-15919]
Web Turbo Replay of LoadRunner 2021.0.0 for Windows 10; build 430 (янв 05 2021 19:27:22)  	[MsgId: MMSG-26983]
Run mode: HTML  	[MsgId: MMSG-26993]
Replay user agent: Mozilla/5.0 (Windows NT 10.0; Win64; x64; rv:109.0) Gecko/20100101 Firefox/118.0  	[MsgId: MMSG-26988]
Runtime Settings file: "C:\Users\drozd\AppData\Local\Temp\lr5tmpdirfrZ.470\lrcfghvp.471\cfg0ez.472"  	[MsgId: MMSG-27141]
Ending action vuser_init.	[MsgId: MMSG-15918]
Running Vuser...	[MsgId: MMSG-15964]
Starting iteration 1.	[MsgId: MMSG-15968]
Maximum number of concurrent connections per server: 6  	[MsgId: MMSG-26989]
Starting action Action.	[MsgId: MMSG-15919]
Action.c(3): Notify: Transaction "UC03_Покупка" started.	[MsgId: MMSG-16999]
Action.c(4): Notify: Transaction "welcome" started.	[MsgId: MMSG-16999]
Action.c(8): web_reg_save_param_attrib started  	[MsgId: MMSG-26355]
Action.c(8): Registering web_reg_save_param_attrib was successful  	[MsgId: MMSG-26390]
Action.c(19): web_url("webtours") started  	[MsgId: MMSG-26355]
Action.c(19): Detected non-resource "http://localhost:1080/cgi-bin/nav.pl?in=home" in "http://localhost:1080/cgi-bin/welcome.pl?signOff=true"  	[MsgId: MMSG-26574]
Action.c(19): Detected non-resource "http://localhost:1080/WebTours/home.html" in "http://localhost:1080/cgi-bin/welcome.pl?signOff=true"  	[MsgId: MMSG-26574]
Action.c(19): Detected non-resource "http://localhost:1080/webtours/header.html" in "http://localhost:1080/webtours/"  	[MsgId: MMSG-26574]
Action.c(19): Detected non-resource "http://localhost:1080/cgi-bin/welcome.pl?signOff=true" in "http://localhost:1080/webtours/"  	[MsgId: MMSG-26574]
Action.c(19): Found resource "http://localhost:1080/webtours/images/hp_logo.png" in HTML "http://localhost:1080/webtours/header.html"  	[MsgId: MMSG-26659]
Action.c(19): Found resource "http://localhost:1080/webtours/images/webtours.png" in HTML "http://localhost:1080/webtours/header.html"  	[MsgId: MMSG-26659]
Action.c(19): Detected non-resource "http://localhost:1080/cgi-bin/nav.pl?in=home" in "http://localhost:1080/cgi-bin/welcome.pl?signOff=true"  	[MsgId: MMSG-26574]
Action.c(19): Detected non-resource "http://localhost:1080/WebTours/home.html" in "http://localhost:1080/cgi-bin/welcome.pl?signOff=true"  	[MsgId: MMSG-26574]
Action.c(19): Found resource "http://localhost:1080/WebTours/images/mer_login.gif" in HTML "http://localhost:1080/cgi-bin/nav.pl?in=home"  	[MsgId: MMSG-26659]
Action.c(19): Found resource "http://localhost:1080/WebTours/images/mer_login.gif" in HTML "http://localhost:1080/cgi-bin/nav.pl?in=home"  	[MsgId: MMSG-26659]
Action.c(19): web_url("webtours") was successful, 10074 body bytes, 2371 header bytes, 24 chunking overhead bytes  	[MsgId: MMSG-26385]
Action.c(30): Notify: Transaction "welcome" ended with a "Pass" status (Duration: 0,2514 Wasted Time: 0,0484).	[MsgId: MMSG-16871]
Action.c(34): web_add_header("Origin") started  	[MsgId: MMSG-26355]
Action.c(34): web_add_header("Origin") was successful  	[MsgId: MMSG-26392]
Action.c(38): lr_think_time: 5,00 seconds.	[MsgId: MMSG-15948]
Action.c(19): web_url("webtours") was successful, 10074 body bytes, 2371 header bytes, 24 chunking overhead bytes  	[MsgId: MMSG-26385]
Action.c(30): Notify: Transaction "welcome" ended with a "Pass" status (Duration: 0,2619 Wasted Time: 0,0021).	[MsgId: MMSG-16871]
Action.c(34): web_add_header("Origin") started  	[MsgId: MMSG-26355]
Action.c(34): web_add_header("Origin") was successful  	[MsgId: MMSG-26392]
Action.c(38): lr_think_time: 5,00 seconds.	[MsgId: MMSG-15948]
Action.c(19): Detected non-resource "http://localhost:1080/cgi-bin/nav.pl?in=home" in "http://localhost:1080/cgi-bin/welcome.pl?signOff=true"  	[MsgId: MMSG-26574]
Action.c(19): Detected non-resource "http://localhost:1080/WebTours/home.html" in "http://localhost:1080/cgi-bin/welcome.pl?signOff=true"  	[MsgId: MMSG-26574]
Action.c(19): Found resource "http://localhost:1080/WebTours/images/mer_login.gif" in HTML "http://localhost:1080/cgi-bin/nav.pl?in=home"  	[MsgId: MMSG-26659]
Action.c(19): web_url("webtours") was successful, 10074 body bytes, 2371 header bytes, 24 chunking overhead bytes  	[MsgId: MMSG-26385]
Action.c(30): Notify: Transaction "welcome" ended with a "Pass" status (Duration: 0,2922 Wasted Time: 0,0026).	[MsgId: MMSG-16871]
Action.c(34): web_add_header("Origin") started  	[MsgId: MMSG-26355]
Action.c(34): web_add_header("Origin") was successful  	[MsgId: MMSG-26392]
Action.c(38): lr_think_time: 5,00 seconds.	[MsgId: MMSG-15948]
Action.c(40): Notify: Transaction "login" started.	[MsgId: MMSG-16999]
Action.c(40): Notify: Transaction "login" started.	[MsgId: MMSG-16999]
Action.c(42): web_reg_find started  	[MsgId: MMSG-26355]
Action.c(42): web_reg_find started  	[MsgId: MMSG-26355]
Action.c(42): Registering web_reg_find was successful  	[MsgId: MMSG-26390]
Action.c(42): Registering web_reg_find was successful  	[MsgId: MMSG-26390]
Action.c(46): web_submit_data("login.pl") started  	[MsgId: MMSG-26355]
Action.c(46): web_submit_data("login.pl") started  	[MsgId: MMSG-26355]
Action.c(46): Detected non-resource "http://localhost:1080/cgi-bin/nav.pl?page=menu&in=home" in "http://localhost:1080/cgi-bin/login.pl"  	[MsgId: MMSG-26574]
Action.c(46): Detected non-resource "http://localhost:1080/cgi-bin/nav.pl?page=menu&in=home" in "http://localhost:1080/cgi-bin/login.pl"  	[MsgId: MMSG-26574]
Action.c(46): Detected non-resource "http://localhost:1080/cgi-bin/login.pl?intro=true" in "http://localhost:1080/cgi-bin/login.pl"  	[MsgId: MMSG-26574]
Action.c(46): Detected non-resource "http://localhost:1080/cgi-bin/login.pl?intro=true" in "http://localhost:1080/cgi-bin/login.pl"  	[MsgId: MMSG-26574]
Action.c(46): Found resource "http://localhost:1080/WebTours/images/flights.gif" in HTML "http://localhost:1080/cgi-bin/nav.pl?page=menu&in=home"  	[MsgId: MMSG-26659]
Action.c(46): Found resource "http://localhost:1080/WebTours/images/itinerary.gif" in HTML "http://localhost:1080/cgi-bin/nav.pl?page=menu&in=home"  	[MsgId: MMSG-26659]
Action.c(46): Found resource "http://localhost:1080/WebTours/images/in_home.gif" in HTML "http://localhost:1080/cgi-bin/nav.pl?page=menu&in=home"  	[MsgId: MMSG-26659]
Action.c(46): Found resource "http://localhost:1080/WebTours/images/signoff.gif" in HTML "http://localhost:1080/cgi-bin/nav.pl?page=menu&in=home"  	[MsgId: MMSG-26659]
Action.c(46): Found resource "http://localhost:1080/WebTours/images/flights.gif" in HTML "http://localhost:1080/cgi-bin/nav.pl?page=menu&in=home"  	[MsgId: MMSG-26659]
Action.c(46): Found resource "http://localhost:1080/WebTours/images/itinerary.gif" in HTML "http://localhost:1080/cgi-bin/nav.pl?page=menu&in=home"  	[MsgId: MMSG-26659]
Action.c(46): Found resource "http://localhost:1080/WebTours/images/in_home.gif" in HTML "http://localhost:1080/cgi-bin/nav.pl?page=menu&in=home"  	[MsgId: MMSG-26659]
Action.c(46): Found resource "http://localhost:1080/WebTours/images/signoff.gif" in HTML "http://localhost:1080/cgi-bin/nav.pl?page=menu&in=home"  	[MsgId: MMSG-26659]
Action.c(46): Registered web_reg_find successful for "Text=User password was correct" (count=1)  	[MsgId: MMSG-26364]
Action.c(46): web_submit_data("login.pl") was successful, 5780 body bytes, 2059 header bytes, 36 chunking overhead bytes  	[MsgId: MMSG-26385]
Action.c(62): Notify: Transaction "login" ended with a "Pass" status (Duration: 0,0978 Wasted Time: 0,0000).	[MsgId: MMSG-16871]
Action.c(64): lr_think_time: 5,00 seconds.	[MsgId: MMSG-15948]
Action.c(46): Registered web_reg_find successful for "Text=User password was correct" (count=1)  	[MsgId: MMSG-26364]
Action.c(46): web_submit_data("login.pl") was successful, 5780 body bytes, 2058 header bytes, 36 chunking overhead bytes  	[MsgId: MMSG-26385]
Action.c(62): Notify: Transaction "login" ended with a "Pass" status (Duration: 0,1016 Wasted Time: 0,0000).	[MsgId: MMSG-16871]
Action.c(64): lr_think_time: 5,00 seconds.	[MsgId: MMSG-15948]
Action.c(40): Notify: Transaction "login" started.	[MsgId: MMSG-16999]
Action.c(42): web_reg_find started  	[MsgId: MMSG-26355]
Action.c(42): Registering web_reg_find was successful  	[MsgId: MMSG-26390]
Action.c(46): web_submit_data("login.pl") started  	[MsgId: MMSG-26355]
Action.c(46): Detected non-resource "http://localhost:1080/cgi-bin/nav.pl?page=menu&in=home" in "http://localhost:1080/cgi-bin/login.pl"  	[MsgId: MMSG-26574]
Action.c(46): Detected non-resource "http://localhost:1080/cgi-bin/login.pl?intro=true" in "http://localhost:1080/cgi-bin/login.pl"  	[MsgId: MMSG-26574]
Action.c(46): Found resource "http://localhost:1080/WebTours/images/flights.gif" in HTML "http://localhost:1080/cgi-bin/nav.pl?page=menu&in=home"  	[MsgId: MMSG-26659]
Action.c(46): Found resource "http://localhost:1080/WebTours/images/itinerary.gif" in HTML "http://localhost:1080/cgi-bin/nav.pl?page=menu&in=home"  	[MsgId: MMSG-26659]
Action.c(46): Found resource "http://localhost:1080/WebTours/images/in_home.gif" in HTML "http://localhost:1080/cgi-bin/nav.pl?page=menu&in=home"  	[MsgId: MMSG-26659]
Action.c(46): Found resource "http://localhost:1080/WebTours/images/signoff.gif" in HTML "http://localhost:1080/cgi-bin/nav.pl?page=menu&in=home"  	[MsgId: MMSG-26659]
Action.c(46): Registered web_reg_find successful for "Text=User password was correct" (count=1)  	[MsgId: MMSG-26364]
Action.c(46): web_submit_data("login.pl") was successful, 5780 body bytes, 2058 header bytes, 36 chunking overhead bytes  	[MsgId: MMSG-26385]
Action.c(62): Notify: Transaction "login" ended with a "Pass" status (Duration: 0,0969 Wasted Time: 0,0000).	[MsgId: MMSG-16871]
Action.c(64): lr_think_time: 5,00 seconds.	[MsgId: MMSG-15948]
Action.c(66): Notify: Transaction "ticket_search1" started.	[MsgId: MMSG-16999]
Action.c(67): web_reg_find started  	[MsgId: MMSG-26355]
Action.c(67): Registering web_reg_find was successful  	[MsgId: MMSG-26390]
Action.c(71): web_url("welcome.pl") started  	[MsgId: MMSG-26355]
Action.c(66): Notify: Transaction "ticket_search1" started.	[MsgId: MMSG-16999]
Action.c(67): web_reg_find started  	[MsgId: MMSG-26355]
Action.c(67): Registering web_reg_find was successful  	[MsgId: MMSG-26390]
Action.c(71): web_url("welcome.pl") started  	[MsgId: MMSG-26355]
Action.c(71): Detected non-resource "http://localhost:1080/cgi-bin/nav.pl?page=menu&in=flights" in "http://localhost:1080/cgi-bin/welcome.pl?page=search"  	[MsgId: MMSG-26574]
Action.c(71): Detected non-resource "http://localhost:1080/cgi-bin/reservations.pl?page=welcome" in "http://localhost:1080/cgi-bin/welcome.pl?page=search"  	[MsgId: MMSG-26574]
Action.c(71): Detected non-resource "http://localhost:1080/cgi-bin/nav.pl?page=menu&in=flights" in "http://localhost:1080/cgi-bin/welcome.pl?page=search"  	[MsgId: MMSG-26574]
Action.c(71): Detected non-resource "http://localhost:1080/cgi-bin/reservations.pl?page=welcome" in "http://localhost:1080/cgi-bin/welcome.pl?page=search"  	[MsgId: MMSG-26574]
Action.c(71): Found resource "http://localhost:1080/WebTours/images/in_flights.gif" in HTML "http://localhost:1080/cgi-bin/nav.pl?page=menu&in=flights"  	[MsgId: MMSG-26659]
Action.c(71): Resource "http://localhost:1080/WebTours/images/itinerary.gif" is in the cache already and will not be downloaded again  	[MsgId: MMSG-26655]
Action.c(71): Found resource "http://localhost:1080/WebTours/images/home.gif" in HTML "http://localhost:1080/cgi-bin/nav.pl?page=menu&in=flights"  	[MsgId: MMSG-26659]
Action.c(71): Resource "http://localhost:1080/WebTours/images/signoff.gif" is in the cache already and will not be downloaded again  	[MsgId: MMSG-26655]
Action.c(71): Found resource "http://localhost:1080/WebTours/images/button_next.gif" in HTML "http://localhost:1080/cgi-bin/reservations.pl?page=welcome"  	[MsgId: MMSG-26659]
Action.c(71): Found resource "http://localhost:1080/WebTours/images/in_flights.gif" in HTML "http://localhost:1080/cgi-bin/nav.pl?page=menu&in=flights"  	[MsgId: MMSG-26659]
Action.c(71): Resource "http://localhost:1080/WebTours/images/itinerary.gif" is in the cache already and will not be downloaded again  	[MsgId: MMSG-26655]
Action.c(71): Found resource "http://localhost:1080/WebTours/images/home.gif" in HTML "http://localhost:1080/cgi-bin/nav.pl?page=menu&in=flights"  	[MsgId: MMSG-26659]
Action.c(71): Resource "http://localhost:1080/WebTours/images/signoff.gif" is in the cache already and will not be downloaded again  	[MsgId: MMSG-26655]
Action.c(71): Found resource "http://localhost:1080/WebTours/images/button_next.gif" in HTML "http://localhost:1080/cgi-bin/reservations.pl?page=welcome"  	[MsgId: MMSG-26659]
Action.c(66): Notify: Transaction "ticket_search1" started.	[MsgId: MMSG-16999]
Action.c(67): web_reg_find started  	[MsgId: MMSG-26355]
Action.c(67): Registering web_reg_find was successful  	[MsgId: MMSG-26390]
Action.c(71): web_url("welcome.pl") started  	[MsgId: MMSG-26355]
Action.c(71): Registered web_reg_find successful for "Text= user has already logged on" (count=1)  	[MsgId: MMSG-26364]
Action.c(71): web_url("welcome.pl") was successful, 8516 body bytes, 1618 header bytes, 43 chunking overhead bytes  	[MsgId: MMSG-26385]
Action.c(80): Notify: Transaction "ticket_search1" ended with a "Pass" status (Duration: 0,1279 Wasted Time: 0,0000).	[MsgId: MMSG-16871]
Action.c(83): lr_think_time: 5,00 seconds.	[MsgId: MMSG-15948]
Action.c(71): Registered web_reg_find successful for "Text= user has already logged on" (count=1)  	[MsgId: MMSG-26364]
Action.c(71): web_url("welcome.pl") was successful, 8516 body bytes, 1618 header bytes, 43 chunking overhead bytes  	[MsgId: MMSG-26385]
Action.c(80): Notify: Transaction "ticket_search1" ended with a "Pass" status (Duration: 0,1276 Wasted Time: 0,0000).	[MsgId: MMSG-16871]
Action.c(83): lr_think_time: 5,00 seconds.	[MsgId: MMSG-15948]
Action.c(71): Detected non-resource "http://localhost:1080/cgi-bin/nav.pl?page=menu&in=flights" in "http://localhost:1080/cgi-bin/welcome.pl?page=search"  	[MsgId: MMSG-26574]
Action.c(71): Detected non-resource "http://localhost:1080/cgi-bin/reservations.pl?page=welcome" in "http://localhost:1080/cgi-bin/welcome.pl?page=search"  	[MsgId: MMSG-26574]
Action.c(71): Found resource "http://localhost:1080/WebTours/images/in_flights.gif" in HTML "http://localhost:1080/cgi-bin/nav.pl?page=menu&in=flights"  	[MsgId: MMSG-26659]
Action.c(71): Resource "http://localhost:1080/WebTours/images/itinerary.gif" is in the cache already and will not be downloaded again  	[MsgId: MMSG-26655]
Action.c(71): Found resource "http://localhost:1080/WebTours/images/home.gif" in HTML "http://localhost:1080/cgi-bin/nav.pl?page=menu&in=flights"  	[MsgId: MMSG-26659]
Action.c(71): Resource "http://localhost:1080/WebTours/images/signoff.gif" is in the cache already and will not be downloaded again  	[MsgId: MMSG-26655]
Action.c(71): Found resource "http://localhost:1080/WebTours/images/button_next.gif" in HTML "http://localhost:1080/cgi-bin/reservations.pl?page=welcome"  	[MsgId: MMSG-26659]
Action.c(71): Registered web_reg_find successful for "Text= user has already logged on" (count=1)  	[MsgId: MMSG-26364]
Action.c(71): web_url("welcome.pl") was successful, 8516 body bytes, 1618 header bytes, 43 chunking overhead bytes  	[MsgId: MMSG-26385]
Action.c(80): Notify: Transaction "ticket_search1" ended with a "Pass" status (Duration: 0,1284 Wasted Time: 0,0000).	[MsgId: MMSG-16871]
Action.c(83): lr_think_time: 5,00 seconds.	[MsgId: MMSG-15948]
Action.c(85): Notify: Transaction "ticket_search2" started.	[MsgId: MMSG-16999]
Action.c(87): web_add_auto_header("Origin") started  	[MsgId: MMSG-26355]
Action.c(87): web_add_auto_header("Origin") was successful  	[MsgId: MMSG-26392]
Action.c(90): web_reg_save_param started  	[MsgId: MMSG-26355]
Action.c(90): Registering web_reg_save_param was successful  	[MsgId: MMSG-26390]
Action.c(95): web_submit_data("reservations.pl") started  	[MsgId: MMSG-26355]
Action.c(85): Notify: Transaction "ticket_search2" started.	[MsgId: MMSG-16999]
Action.c(87): web_add_auto_header("Origin") started  	[MsgId: MMSG-26355]
Action.c(87): web_add_auto_header("Origin") was successful  	[MsgId: MMSG-26392]
Action.c(90): web_reg_save_param started  	[MsgId: MMSG-26355]
Action.c(90): Registering web_reg_save_param was successful  	[MsgId: MMSG-26390]
Action.c(95): web_submit_data("reservations.pl") started  	[MsgId: MMSG-26355]
Action.c(95): Resource "http://localhost:1080/WebTours/images/button_next.gif" is in the cache already and will not be downloaded again  	[MsgId: MMSG-26655]
Action.c(95): web_submit_data("reservations.pl") was successful, 2436 body bytes, 256 header bytes, 12 chunking overhead bytes  	[MsgId: MMSG-26385]
Action.c(119): Notify: Transaction "ticket_search2" ended with a "Pass" status (Duration: 0,0498 Wasted Time: 0,0000).	[MsgId: MMSG-16871]
Action.c(121): lr_think_time: 5,00 seconds.	[MsgId: MMSG-15948]
Action.c(95): Resource "http://localhost:1080/WebTours/images/button_next.gif" is in the cache already and will not be downloaded again  	[MsgId: MMSG-26655]
Action.c(95): web_submit_data("reservations.pl") was successful, 2446 body bytes, 256 header bytes, 12 chunking overhead bytes  	[MsgId: MMSG-26385]
Action.c(119): Notify: Transaction "ticket_search2" ended with a "Pass" status (Duration: 0,0461 Wasted Time: 0,0000).	[MsgId: MMSG-16871]
Action.c(121): lr_think_time: 5,00 seconds.	[MsgId: MMSG-15948]
Action.c(85): Notify: Transaction "ticket_search2" started.	[MsgId: MMSG-16999]
Action.c(87): web_add_auto_header("Origin") started  	[MsgId: MMSG-26355]
Action.c(87): web_add_auto_header("Origin") was successful  	[MsgId: MMSG-26392]
Action.c(90): web_reg_save_param started  	[MsgId: MMSG-26355]
Action.c(90): Registering web_reg_save_param was successful  	[MsgId: MMSG-26390]
Action.c(95): web_submit_data("reservations.pl") started  	[MsgId: MMSG-26355]
Action.c(95): Resource "http://localhost:1080/WebTours/images/button_next.gif" is in the cache already and will not be downloaded again  	[MsgId: MMSG-26655]
Action.c(95): web_submit_data("reservations.pl") was successful, 2441 body bytes, 256 header bytes, 12 chunking overhead bytes  	[MsgId: MMSG-26385]
Action.c(119): Notify: Transaction "ticket_search2" ended with a "Pass" status (Duration: 0,0421 Wasted Time: 0,0000).	[MsgId: MMSG-16871]
Action.c(121): lr_think_time: 5,00 seconds.	[MsgId: MMSG-15948]
Action.c(123): Notify: Transaction "payment" started.	[MsgId: MMSG-16999]
Action.c(125): web_reg_find started  	[MsgId: MMSG-26355]
Action.c(123): Notify: Transaction "payment" started.	[MsgId: MMSG-16999]
Action.c(125): Registering web_reg_find was successful  	[MsgId: MMSG-26390]
Action.c(125): web_reg_find started  	[MsgId: MMSG-26355]
Action.c(129): web_submit_data("reservations.pl_2") started  	[MsgId: MMSG-26355]
Action.c(125): Registering web_reg_find was successful  	[MsgId: MMSG-26390]
Action.c(129): web_submit_data("reservations.pl_2") started  	[MsgId: MMSG-26355]
Action.c(129): Resource "http://localhost:1080/WebTours/images/button_next.gif" is in the cache already and will not be downloaded again  	[MsgId: MMSG-26655]
Action.c(129): Registered web_reg_find successful for "Text= value="user5"" (count=1)  	[MsgId: MMSG-26364]
Action.c(129): web_submit_data("reservations.pl_2") was successful, 2738 body bytes, 255 header bytes, 12 chunking overhead bytes  	[MsgId: MMSG-26385]
Action.c(147): Notify: Transaction "payment" ended with a "Pass" status (Duration: 0,0437 Wasted Time: 0,0000).	[MsgId: MMSG-16871]
Action.c(129): Resource "http://localhost:1080/WebTours/images/button_next.gif" is in the cache already and will not be downloaded again  	[MsgId: MMSG-26655]
Action.c(150): lr_think_time: 5,00 seconds.	[MsgId: MMSG-15948]
Action.c(129): Registered web_reg_find successful for "Text= value="user4"" (count=1)  	[MsgId: MMSG-26364]
Action.c(129): web_submit_data("reservations.pl_2") was successful, 2736 body bytes, 255 header bytes, 12 chunking overhead bytes  	[MsgId: MMSG-26385]
Action.c(147): Notify: Transaction "payment" ended with a "Pass" status (Duration: 0,0454 Wasted Time: 0,0000).	[MsgId: MMSG-16871]
Action.c(150): lr_think_time: 5,00 seconds.	[MsgId: MMSG-15948]
Action.c(123): Notify: Transaction "payment" started.	[MsgId: MMSG-16999]
Action.c(125): web_reg_find started  	[MsgId: MMSG-26355]
Action.c(125): Registering web_reg_find was successful  	[MsgId: MMSG-26390]
Action.c(129): web_submit_data("reservations.pl_2") started  	[MsgId: MMSG-26355]
Action.c(129): Resource "http://localhost:1080/WebTours/images/button_next.gif" is in the cache already and will not be downloaded again  	[MsgId: MMSG-26655]
Action.c(129): Registered web_reg_find successful for "Text= value="user6"" (count=1)  	[MsgId: MMSG-26364]
Action.c(129): web_submit_data("reservations.pl_2") was successful, 2737 body bytes, 255 header bytes, 12 chunking overhead bytes  	[MsgId: MMSG-26385]
Action.c(147): Notify: Transaction "payment" ended with a "Pass" status (Duration: 0,0475 Wasted Time: 0,0000).	[MsgId: MMSG-16871]
Action.c(150): lr_think_time: 5,00 seconds.	[MsgId: MMSG-15948]
Action.c(152): Notify: Transaction "check_ticket" started.	[MsgId: MMSG-16999]
Action.c(152): Notify: Transaction "check_ticket" started.	[MsgId: MMSG-16999]
Action.c(155): web_add_header("Origin") started  	[MsgId: MMSG-26355]
Action.c(155): web_add_header("Origin") started  	[MsgId: MMSG-26355]
Action.c(155): web_add_header("Origin") was successful  	[MsgId: MMSG-26392]
Action.c(155): web_add_header("Origin") was successful  	[MsgId: MMSG-26392]
Action.c(159): web_reg_find started  	[MsgId: MMSG-26355]
Action.c(159): web_reg_find started  	[MsgId: MMSG-26355]
Action.c(159): Registering web_reg_find was successful  	[MsgId: MMSG-26390]
Action.c(159): Registering web_reg_find was successful  	[MsgId: MMSG-26390]
Action.c(163): web_submit_data("reservations.pl_3") started  	[MsgId: MMSG-26355]
Action.c(163): web_submit_data("reservations.pl_3") started  	[MsgId: MMSG-26355]
Action.c(163): Found resource "http://localhost:1080/WebTours/images/bookanother.gif" in HTML "http://localhost:1080/cgi-bin/reservations.pl"  	[MsgId: MMSG-26659]
Action.c(163): Found resource "http://localhost:1080/WebTours/images/bookanother.gif" in HTML "http://localhost:1080/cgi-bin/reservations.pl"  	[MsgId: MMSG-26659]
Action.c(163): Registered web_reg_find successful for "Text=Thank you" (count=1)  	[MsgId: MMSG-26364]
Action.c(163): web_submit_data("reservations.pl_3") was successful, 3280 body bytes, 683 header bytes, 12 chunking overhead bytes  	[MsgId: MMSG-26385]
Action.c(192): Notify: Transaction "check_ticket" ended with a "Pass" status (Duration: 0,0443 Wasted Time: 0,0000).	[MsgId: MMSG-16871]
Action.c(195): Notify: Transaction "signoff" started.	[MsgId: MMSG-16999]
Action.c(199): web_reg_find started  	[MsgId: MMSG-26355]
Action.c(199): Registering web_reg_find was successful  	[MsgId: MMSG-26390]
Action.c(203): web_url("welcome.pl_2") started  	[MsgId: MMSG-26355]
Action.c(163): Registered web_reg_find successful for "Text=Thank you" (count=1)  	[MsgId: MMSG-26364]
Action.c(163): web_submit_data("reservations.pl_3") was successful, 3292 body bytes, 683 header bytes, 12 chunking overhead bytes  	[MsgId: MMSG-26385]
Action.c(192): Notify: Transaction "check_ticket" ended with a "Pass" status (Duration: 0,0445 Wasted Time: 0,0000).	[MsgId: MMSG-16871]
Action.c(195): Notify: Transaction "signoff" started.	[MsgId: MMSG-16999]
Action.c(199): web_reg_find started  	[MsgId: MMSG-26355]
Action.c(199): Registering web_reg_find was successful  	[MsgId: MMSG-26390]
Action.c(203): web_url("welcome.pl_2") started  	[MsgId: MMSG-26355]
Action.c(152): Notify: Transaction "check_ticket" started.	[MsgId: MMSG-16999]
Action.c(155): web_add_header("Origin") started  	[MsgId: MMSG-26355]
Action.c(155): web_add_header("Origin") was successful  	[MsgId: MMSG-26392]
Action.c(159): web_reg_find started  	[MsgId: MMSG-26355]
Action.c(159): Registering web_reg_find was successful  	[MsgId: MMSG-26390]
Action.c(163): web_submit_data("reservations.pl_3") started  	[MsgId: MMSG-26355]
Action.c(203): Detected non-resource "http://localhost:1080/cgi-bin/nav.pl?in=home" in "http://localhost:1080/cgi-bin/welcome.pl?signOff=1"  	[MsgId: MMSG-26574]
Action.c(203): Detected non-resource "http://localhost:1080/WebTours/home.html" in "http://localhost:1080/cgi-bin/welcome.pl?signOff=1"  	[MsgId: MMSG-26574]
Action.c(203): Retrieving data from cache for "http://localhost:1080/WebTours/home.html"  	[MsgId: MMSG-26558]
Action.c(203): Detected non-resource "http://localhost:1080/cgi-bin/nav.pl?in=home" in "http://localhost:1080/cgi-bin/welcome.pl?signOff=1"  	[MsgId: MMSG-26574]
Action.c(203): Detected non-resource "http://localhost:1080/WebTours/home.html" in "http://localhost:1080/cgi-bin/welcome.pl?signOff=1"  	[MsgId: MMSG-26574]
Action.c(203): Retrieving data from cache for "http://localhost:1080/WebTours/home.html"  	[MsgId: MMSG-26558]
Action.c(163): Found resource "http://localhost:1080/WebTours/images/bookanother.gif" in HTML "http://localhost:1080/cgi-bin/reservations.pl"  	[MsgId: MMSG-26659]
Action.c(163): Registered web_reg_find successful for "Text=Thank you" (count=1)  	[MsgId: MMSG-26364]
Action.c(163): web_submit_data("reservations.pl_3") was successful, 3286 body bytes, 683 header bytes, 12 chunking overhead bytes  	[MsgId: MMSG-26385]
Action.c(192): Notify: Transaction "check_ticket" ended with a "Pass" status (Duration: 0,0535 Wasted Time: 0,0000).	[MsgId: MMSG-16871]
Action.c(195): Notify: Transaction "signoff" started.	[MsgId: MMSG-16999]
Action.c(199): web_reg_find started  	[MsgId: MMSG-26355]
Action.c(199): Registering web_reg_find was successful  	[MsgId: MMSG-26390]
Action.c(203): web_url("welcome.pl_2") started  	[MsgId: MMSG-26355]
Action.c(203): Resource "http://localhost:1080/WebTours/images/mer_login.gif" is in the cache already and will not be downloaded again  	[MsgId: MMSG-26655]
Action.c(203): Registered web_reg_find successful for "Text=A Session ID has been created" (count=1)  	[MsgId: MMSG-26364]
Action.c(203): web_url("welcome.pl_2") was successful, 2175 body bytes, 582 header bytes, 24 chunking overhead bytes  	[MsgId: MMSG-26385]
Action.c(213): Notify: Transaction "signoff" ended with a "Pass" status (Duration: 0,1354 Wasted Time: 0,0000).	[MsgId: MMSG-16871]
Action.c(214): Notify: Transaction "UC03_Покупка" ended with a "Pass" status (Duration: 25,7882 Think Time: 25,0360 Wasted Time: 0,0486).	[MsgId: MMSG-16870]
Ending action Action.	[MsgId: MMSG-15918]
Ending iteration 1.	[MsgId: MMSG-15965]
Waiting 36,2110 seconds for iteration pacing.	[MsgId: MMSG-15996]
Action.c(203): Resource "http://localhost:1080/WebTours/images/mer_login.gif" is in the cache already and will not be downloaded again  	[MsgId: MMSG-26655]
Action.c(203): Registered web_reg_find successful for "Text=A Session ID has been created" (count=1)  	[MsgId: MMSG-26364]
Action.c(203): web_url("welcome.pl_2") was successful, 2175 body bytes, 582 header bytes, 24 chunking overhead bytes  	[MsgId: MMSG-26385]
Action.c(213): Notify: Transaction "signoff" ended with a "Pass" status (Duration: 0,1379 Wasted Time: 0,0000).	[MsgId: MMSG-16871]
Action.c(214): Notify: Transaction "UC03_Покупка" ended with a "Pass" status (Duration: 25,7993 Think Time: 25,0327 Wasted Time: 0,0022).	[MsgId: MMSG-16870]
Ending action Action.	[MsgId: MMSG-15918]
Ending iteration 1.	[MsgId: MMSG-15965]
Waiting 36,2000 seconds for iteration pacing.	[MsgId: MMSG-15996]
Action.c(203): Detected non-resource "http://localhost:1080/cgi-bin/nav.pl?in=home" in "http://localhost:1080/cgi-bin/welcome.pl?signOff=1"  	[MsgId: MMSG-26574]
Action.c(203): Detected non-resource "http://localhost:1080/WebTours/home.html" in "http://localhost:1080/cgi-bin/welcome.pl?signOff=1"  	[MsgId: MMSG-26574]
Action.c(203): Retrieving data from cache for "http://localhost:1080/WebTours/home.html"  	[MsgId: MMSG-26558]
Action.c(203): Resource "http://localhost:1080/WebTours/images/mer_login.gif" is in the cache already and will not be downloaded again  	[MsgId: MMSG-26655]
Action.c(203): Registered web_reg_find successful for "Text=A Session ID has been created" (count=1)  	[MsgId: MMSG-26364]
Action.c(203): web_url("welcome.pl_2") was successful, 2175 body bytes, 582 header bytes, 24 chunking overhead bytes  	[MsgId: MMSG-26385]
Action.c(213): Notify: Transaction "signoff" ended with a "Pass" status (Duration: 0,1313 Wasted Time: 0,0000).	[MsgId: MMSG-16871]
Action.c(214): Notify: Transaction "UC03_Покупка" ended with a "Pass" status (Duration: 25,8201 Think Time: 25,0266 Wasted Time: 0,0027).	[MsgId: MMSG-16870]
Ending action Action.	[MsgId: MMSG-15918]
Ending iteration 1.	[MsgId: MMSG-15965]
Waiting 36,1760 seconds for iteration pacing.	[MsgId: MMSG-15996]
Ending Vuser...	[MsgId: MMSG-15966]
Starting action vuser_end.	[MsgId: MMSG-15919]
Ending action vuser_end.	[MsgId: MMSG-15918]
Vuser Terminated.	[MsgId: MMSG-15963]
Ending Vuser...	[MsgId: MMSG-15966]
Ending Vuser...	[MsgId: MMSG-15966]
Starting action vuser_end.	[MsgId: MMSG-15919]
Starting action vuser_end.	[MsgId: MMSG-15919]
Ending action vuser_end.	[MsgId: MMSG-15918]
Vuser Terminated.	[MsgId: MMSG-15963]
Ending action vuser_end.	[MsgId: MMSG-15918]
Vuser Terminated.	[MsgId: MMSG-15963]
